2020-04-18 11:54:03.725 [main] WARN  c.b.mybatisplus.core.injector.AbstractMethod - [DesktopElementsMapper.insert] Has been loaded by XML or SqlProvider or Mybatis's Annotation, so ignoring this injection for [class com.baomidou.mybatisplus.core.injector.methods.Insert]
2020-04-18 11:54:03.797 [main] WARN  c.b.mybatisplus.core.injector.AbstractMethod - [DesktopMapper.insert] Has been loaded by XML or SqlProvider or Mybatis's Annotation, so ignoring this injection for [class com.baomidou.mybatisplus.core.injector.methods.Insert]
2020-04-18 11:54:03.849 [main] WARN  c.b.mybatisplus.core.injector.AbstractMethod - [DesktopSubjectMapper.insert] Has been loaded by XML or SqlProvider or Mybatis's Annotation, so ignoring this injection for [class com.baomidou.mybatisplus.core.injector.methods.Insert]
2020-04-18 11:54:03.900 [main] WARN  c.b.mybatisplus.core.injector.AbstractMethod - [DictMapper.insert] Has been loaded by XML or SqlProvider or Mybatis's Annotation, so ignoring this injection for [class com.baomidou.mybatisplus.core.injector.methods.Insert]
2020-04-18 12:09:34.069 [main] WARN  c.b.mybatisplus.core.injector.AbstractMethod - [DesktopElementsMapper.insert] Has been loaded by XML or SqlProvider or Mybatis's Annotation, so ignoring this injection for [class com.baomidou.mybatisplus.core.injector.methods.Insert]
2020-04-18 12:09:34.150 [main] WARN  c.b.mybatisplus.core.injector.AbstractMethod - [DesktopMapper.insert] Has been loaded by XML or SqlProvider or Mybatis's Annotation, so ignoring this injection for [class com.baomidou.mybatisplus.core.injector.methods.Insert]
2020-04-18 12:09:34.197 [main] WARN  c.b.mybatisplus.core.injector.AbstractMethod - [DesktopSubjectMapper.insert] Has been loaded by XML or SqlProvider or Mybatis's Annotation, so ignoring this injection for [class com.baomidou.mybatisplus.core.injector.methods.Insert]
2020-04-18 12:09:34.243 [main] WARN  c.b.mybatisplus.core.injector.AbstractMethod - [DictMapper.insert] Has been loaded by XML or SqlProvider or Mybatis's Annotation, so ignoring this injection for [class com.baomidou.mybatisplus.core.injector.methods.Insert]
2020-04-18 13:36:35.680 [main] WARN  c.b.mybatisplus.core.injector.AbstractMethod - [DesktopElementsMapper.insert] Has been loaded by XML or SqlProvider or Mybatis's Annotation, so ignoring this injection for [class com.baomidou.mybatisplus.core.injector.methods.Insert]
2020-04-18 13:36:35.766 [main] WARN  c.b.mybatisplus.core.injector.AbstractMethod - [DesktopMapper.insert] Has been loaded by XML or SqlProvider or Mybatis's Annotation, so ignoring this injection for [class com.baomidou.mybatisplus.core.injector.methods.Insert]
2020-04-18 13:36:35.816 [main] WARN  c.b.mybatisplus.core.injector.AbstractMethod - [DesktopSubjectMapper.insert] Has been loaded by XML or SqlProvider or Mybatis's Annotation, so ignoring this injection for [class com.baomidou.mybatisplus.core.injector.methods.Insert]
2020-04-18 13:36:35.861 [main] WARN  c.b.mybatisplus.core.injector.AbstractMethod - [DictMapper.insert] Has been loaded by XML or SqlProvider or Mybatis's Annotation, so ignoring this injection for [class com.baomidou.mybatisplus.core.injector.methods.Insert]
2020-04-18 13:45:07.583 [main] WARN  c.b.mybatisplus.core.injector.AbstractMethod - [DesktopElementsMapper.insert] Has been loaded by XML or SqlProvider or Mybatis's Annotation, so ignoring this injection for [class com.baomidou.mybatisplus.core.injector.methods.Insert]
2020-04-18 13:45:07.654 [main] WARN  c.b.mybatisplus.core.injector.AbstractMethod - [DesktopMapper.insert] Has been loaded by XML or SqlProvider or Mybatis's Annotation, so ignoring this injection for [class com.baomidou.mybatisplus.core.injector.methods.Insert]
2020-04-18 13:45:07.701 [main] WARN  c.b.mybatisplus.core.injector.AbstractMethod - [DesktopSubjectMapper.insert] Has been loaded by XML or SqlProvider or Mybatis's Annotation, so ignoring this injection for [class com.baomidou.mybatisplus.core.injector.methods.Insert]
2020-04-18 13:45:07.745 [main] WARN  c.b.mybatisplus.core.injector.AbstractMethod - [DictMapper.insert] Has been loaded by XML or SqlProvider or Mybatis's Annotation, so ignoring this injection for [class com.baomidou.mybatisplus.core.injector.methods.Insert]
2020-04-18 13:48:28.377 [main] WARN  c.b.mybatisplus.core.injector.AbstractMethod - [DesktopElementsMapper.insert] Has been loaded by XML or SqlProvider or Mybatis's Annotation, so ignoring this injection for [class com.baomidou.mybatisplus.core.injector.methods.Insert]
2020-04-18 13:48:28.460 [main] WARN  c.b.mybatisplus.core.injector.AbstractMethod - [DesktopMapper.insert] Has been loaded by XML or SqlProvider or Mybatis's Annotation, so ignoring this injection for [class com.baomidou.mybatisplus.core.injector.methods.Insert]
2020-04-18 13:48:28.504 [main] WARN  c.b.mybatisplus.core.injector.AbstractMethod - [DesktopSubjectMapper.insert] Has been loaded by XML or SqlProvider or Mybatis's Annotation, so ignoring this injection for [class com.baomidou.mybatisplus.core.injector.methods.Insert]
2020-04-18 13:48:28.543 [main] WARN  c.b.mybatisplus.core.injector.AbstractMethod - [DictMapper.insert] Has been loaded by XML or SqlProvider or Mybatis's Annotation, so ignoring this injection for [class com.baomidou.mybatisplus.core.injector.methods.Insert]
2020-04-18 13:52:56.924 [main] WARN  c.b.mybatisplus.core.injector.AbstractMethod - [DesktopElementsMapper.insert] Has been loaded by XML or SqlProvider or Mybatis's Annotation, so ignoring this injection for [class com.baomidou.mybatisplus.core.injector.methods.Insert]
2020-04-18 13:52:56.990 [main] WARN  c.b.mybatisplus.core.injector.AbstractMethod - [DesktopMapper.insert] Has been loaded by XML or SqlProvider or Mybatis's Annotation, so ignoring this injection for [class com.baomidou.mybatisplus.core.injector.methods.Insert]
2020-04-18 13:52:57.032 [main] WARN  c.b.mybatisplus.core.injector.AbstractMethod - [DesktopSubjectMapper.insert] Has been loaded by XML or SqlProvider or Mybatis's Annotation, so ignoring this injection for [class com.baomidou.mybatisplus.core.injector.methods.Insert]
2020-04-18 13:52:57.069 [main] WARN  c.b.mybatisplus.core.injector.AbstractMethod - [DictMapper.insert] Has been loaded by XML or SqlProvider or Mybatis's Annotation, so ignoring this injection for [class com.baomidou.mybatisplus.core.injector.methods.Insert]
2020-04-18 14:01:16.784 [main] WARN  c.b.mybatisplus.core.injector.AbstractMethod - [DesktopElementsMapper.insert] Has been loaded by XML or SqlProvider or Mybatis's Annotation, so ignoring this injection for [class com.baomidou.mybatisplus.core.injector.methods.Insert]
2020-04-18 14:01:16.852 [main] WARN  c.b.mybatisplus.core.injector.AbstractMethod - [DesktopMapper.insert] Has been loaded by XML or SqlProvider or Mybatis's Annotation, so ignoring this injection for [class com.baomidou.mybatisplus.core.injector.methods.Insert]
2020-04-18 14:01:16.910 [main] WARN  c.b.mybatisplus.core.injector.AbstractMethod - [DesktopSubjectMapper.insert] Has been loaded by XML or SqlProvider or Mybatis's Annotation, so ignoring this injection for [class com.baomidou.mybatisplus.core.injector.methods.Insert]
2020-04-18 14:01:16.964 [main] WARN  c.b.mybatisplus.core.injector.AbstractMethod - [DictMapper.insert] Has been loaded by XML or SqlProvider or Mybatis's Annotation, so ignoring this injection for [class com.baomidou.mybatisplus.core.injector.methods.Insert]
2020-04-18 14:11:22.976 [main] WARN  c.b.mybatisplus.core.injector.AbstractMethod - [DesktopElementsMapper.insert] Has been loaded by XML or SqlProvider or Mybatis's Annotation, so ignoring this injection for [class com.baomidou.mybatisplus.core.injector.methods.Insert]
2020-04-18 14:11:23.049 [main] WARN  c.b.mybatisplus.core.injector.AbstractMethod - [DesktopMapper.insert] Has been loaded by XML or SqlProvider or Mybatis's Annotation, so ignoring this injection for [class com.baomidou.mybatisplus.core.injector.methods.Insert]
2020-04-18 14:11:23.101 [main] WARN  c.b.mybatisplus.core.injector.AbstractMethod - [DesktopSubjectMapper.insert] Has been loaded by XML or SqlProvider or Mybatis's Annotation, so ignoring this injection for [class com.baomidou.mybatisplus.core.injector.methods.Insert]
2020-04-18 14:11:23.151 [main] WARN  c.b.mybatisplus.core.injector.AbstractMethod - [DictMapper.insert] Has been loaded by XML or SqlProvider or Mybatis's Annotation, so ignoring this injection for [class com.baomidou.mybatisplus.core.injector.methods.Insert]
2020-04-18 14:12:37.405 [http-nio-80-exec-1] WARN  o.s.w.s.m.m.a.ExceptionHandlerExceptionResolver - Failure in @ExceptionHandler GlobalExceptionHandler#exceptionHandler(Exception)
java.lang.NullPointerException: null
	at org.springframework.web.util.UrlPathHelper.removeSemicolonContentInternal(UrlPathHelper.java:531)
	at org.springframework.web.util.UrlPathHelper.removeSemicolonContent(UrlPathHelper.java:527)
	at org.springframework.web.util.UrlPathHelper.decodeAndCleanUriString(UrlPathHelper.java:460)
	at org.springframework.web.util.UrlPathHelper.getRequestUri(UrlPathHelper.java:349)
	at org.springframework.web.util.UrlPathHelper.getPathWithinApplication(UrlPathHelper.java:265)
	at org.springframework.web.util.UrlPathHelper.getPathWithinServletMapping(UrlPathHelper.java:216)
	at org.springframework.web.util.UrlPathHelper.getLookupPathForRequest(UrlPathHelper.java:172)
	at org.springframework.web.accept.PathExtensionContentNegotiationStrategy.getMediaTypeKey(PathExtensionContentNegotiationStrategy.java:100)
	at org.springframework.web.accept.AbstractMappingContentNegotiationStrategy.resolveMediaTypes(AbstractMappingContentNegotiationStrategy.java:102)
	at org.springframework.web.accept.ContentNegotiationManager.resolveMediaTypes(ContentNegotiationManager.java:128)
	at org.springframework.web.servlet.mvc.method.annotation.AbstractMessageConverterMethodProcessor.getAcceptableMediaTypes(AbstractMessageConverterMethodProcessor.java:396)
	at org.springframework.web.servlet.mvc.method.annotation.AbstractMessageConverterMethodProcessor.writeWithMessageConverters(AbstractMessageConverterMethodProcessor.java:226)
	at org.springframework.web.servlet.mvc.method.annotation.RequestResponseBodyMethodProcessor.handleReturnValue(RequestResponseBodyMethodProcessor.java:181)
	at org.springframework.web.method.support.HandlerMethodReturnValueHandlerComposite.handleReturnValue(HandlerMethodReturnValueHandlerComposite.java:82)
	at org.springframework.web.servlet.mvc.method.annotation.ServletInvocableHandlerMethod.invokeAndHandle(ServletInvocableHandlerMethod.java:124)
	at org.springframework.web.servlet.mvc.method.annotation.ExceptionHandlerExceptionResolver.doResolveHandlerMethodException(ExceptionHandlerExceptionResolver.java:403)
	at org.springframework.web.servlet.handler.AbstractHandlerMethodExceptionResolver.doResolveException(AbstractHandlerMethodExceptionResolver.java:61)
	at org.springframework.web.servlet.handler.AbstractHandlerExceptionResolver.resolveException(AbstractHandlerExceptionResolver.java:141)
	at org.springframework.web.servlet.handler.HandlerExceptionResolverComposite.resolveException(HandlerExceptionResolverComposite.java:80)
	at org.springframework.web.servlet.DispatcherServlet.processHandlerException(DispatcherServlet.java:1300)
	at org.springframework.web.servlet.DispatcherServlet.processDispatchResult(DispatcherServlet.java:1111)
	at org.springframework.web.servlet.DispatcherServlet.doDispatch(DispatcherServlet.java:1057)
	at org.springframework.web.servlet.DispatcherServlet.doService(DispatcherServlet.java:943)
	at org.springframework.web.servlet.FrameworkServlet.processRequest(FrameworkServlet.java:1006)
	at org.springframework.web.servlet.FrameworkServlet.doGet(FrameworkServlet.java:898)
	at javax.servlet.http.HttpServlet.service(HttpServlet.java:634)
	at org.springframework.web.servlet.FrameworkServlet.service(FrameworkServlet.java:883)
	at javax.servlet.http.HttpServlet.service(HttpServlet.java:741)
	at org.apache.catalina.core.ApplicationFilterChain.internalDoFilter(ApplicationFilterChain.java:231)
	at org.apache.catalina.core.ApplicationFilterChain.doFilter(ApplicationFilterChain.java:166)
	at org.apache.tomcat.websocket.server.WsFilter.doFilter(WsFilter.java:53)
	at org.apache.catalina.core.ApplicationFilterChain.internalDoFilter(ApplicationFilterChain.java:193)
	at org.apache.catalina.core.ApplicationFilterChain.doFilter(ApplicationFilterChain.java:166)
	at org.springframework.web.filter.CharacterEncodingFilter.doFilterInternal(CharacterEncodingFilter.java:201)
	at org.springframework.web.filter.OncePerRequestFilter.doFilter(OncePerRequestFilter.java:119)
	at org.apache.catalina.core.ApplicationFilterChain.internalDoFilter(ApplicationFilterChain.java:193)
	at org.apache.catalina.core.ApplicationFilterChain.doFilter(ApplicationFilterChain.java:166)
	at org.apache.catalina.core.StandardWrapperValve.invoke(StandardWrapperValve.java:202)
	at org.apache.catalina.core.StandardContextValve.invoke(StandardContextValve.java:96)
	at org.apache.catalina.authenticator.AuthenticatorBase.invoke(AuthenticatorBase.java:541)
	at org.apache.catalina.core.StandardHostValve.invoke(StandardHostValve.java:139)
	at org.apache.catalina.valves.ErrorReportValve.invoke(ErrorReportValve.java:92)
	at org.apache.catalina.core.StandardEngineValve.invoke(StandardEngineValve.java:74)
	at org.apache.catalina.connector.CoyoteAdapter.service(CoyoteAdapter.java:343)
	at org.apache.coyote.http11.Http11Processor.service(Http11Processor.java:367)
	at org.apache.coyote.AbstractProcessorLight.process(AbstractProcessorLight.java:65)
	at org.apache.coyote.AbstractProtocol$ConnectionHandler.process(AbstractProtocol.java:868)
	at org.apache.tomcat.util.net.NioEndpoint$SocketProcessor.doRun(NioEndpoint.java:1639)
	at org.apache.tomcat.util.net.SocketProcessorBase.run(SocketProcessorBase.java:49)
	at java.util.concurrent.ThreadPoolExecutor.runWorker(ThreadPoolExecutor.java:1142)
	at java.util.concurrent.ThreadPoolExecutor$Worker.run(ThreadPoolExecutor.java:617)
	at org.apache.tomcat.util.threads.TaskThread$WrappingRunnable.run(TaskThread.java:61)
	at java.lang.Thread.run(Thread.java:745)
2020-04-18 14:12:48.273 [main] WARN  c.b.mybatisplus.core.injector.AbstractMethod - [DesktopElementsMapper.insert] Has been loaded by XML or SqlProvider or Mybatis's Annotation, so ignoring this injection for [class com.baomidou.mybatisplus.core.injector.methods.Insert]
2020-04-18 14:12:48.352 [main] WARN  c.b.mybatisplus.core.injector.AbstractMethod - [DesktopMapper.insert] Has been loaded by XML or SqlProvider or Mybatis's Annotation, so ignoring this injection for [class com.baomidou.mybatisplus.core.injector.methods.Insert]
2020-04-18 14:12:48.410 [main] WARN  c.b.mybatisplus.core.injector.AbstractMethod - [DesktopSubjectMapper.insert] Has been loaded by XML or SqlProvider or Mybatis's Annotation, so ignoring this injection for [class com.baomidou.mybatisplus.core.injector.methods.Insert]
2020-04-18 14:12:48.462 [main] WARN  c.b.mybatisplus.core.injector.AbstractMethod - [DictMapper.insert] Has been loaded by XML or SqlProvider or Mybatis's Annotation, so ignoring this injection for [class com.baomidou.mybatisplus.core.injector.methods.Insert]
2020-04-18 14:14:31.395 [http-nio-80-exec-1] WARN  o.s.w.s.m.m.a.ExceptionHandlerExceptionResolver - Failure in @ExceptionHandler GlobalExceptionHandler#exceptionHandler(Exception)
java.lang.NullPointerException: null
	at org.springframework.web.util.UrlPathHelper.removeSemicolonContentInternal(UrlPathHelper.java:531)
	at org.springframework.web.util.UrlPathHelper.removeSemicolonContent(UrlPathHelper.java:527)
	at org.springframework.web.util.UrlPathHelper.decodeAndCleanUriString(UrlPathHelper.java:460)
	at org.springframework.web.util.UrlPathHelper.getRequestUri(UrlPathHelper.java:349)
	at org.springframework.web.util.UrlPathHelper.getPathWithinApplication(UrlPathHelper.java:265)
	at org.springframework.web.util.UrlPathHelper.getPathWithinServletMapping(UrlPathHelper.java:216)
	at org.springframework.web.util.UrlPathHelper.getLookupPathForRequest(UrlPathHelper.java:172)
	at org.springframework.web.accept.PathExtensionContentNegotiationStrategy.getMediaTypeKey(PathExtensionContentNegotiationStrategy.java:100)
	at org.springframework.web.accept.AbstractMappingContentNegotiationStrategy.resolveMediaTypes(AbstractMappingContentNegotiationStrategy.java:102)
	at org.springframework.web.accept.ContentNegotiationManager.resolveMediaTypes(ContentNegotiationManager.java:128)
	at org.springframework.web.servlet.mvc.method.annotation.AbstractMessageConverterMethodProcessor.getAcceptableMediaTypes(AbstractMessageConverterMethodProcessor.java:396)
	at org.springframework.web.servlet.mvc.method.annotation.AbstractMessageConverterMethodProcessor.writeWithMessageConverters(AbstractMessageConverterMethodProcessor.java:226)
	at org.springframework.web.servlet.mvc.method.annotation.RequestResponseBodyMethodProcessor.handleReturnValue(RequestResponseBodyMethodProcessor.java:181)
	at org.springframework.web.method.support.HandlerMethodReturnValueHandlerComposite.handleReturnValue(HandlerMethodReturnValueHandlerComposite.java:82)
	at org.springframework.web.servlet.mvc.method.annotation.ServletInvocableHandlerMethod.invokeAndHandle(ServletInvocableHandlerMethod.java:124)
	at org.springframework.web.servlet.mvc.method.annotation.ExceptionHandlerExceptionResolver.doResolveHandlerMethodException(ExceptionHandlerExceptionResolver.java:403)
	at org.springframework.web.servlet.handler.AbstractHandlerMethodExceptionResolver.doResolveException(AbstractHandlerMethodExceptionResolver.java:61)
	at org.springframework.web.servlet.handler.AbstractHandlerExceptionResolver.resolveException(AbstractHandlerExceptionResolver.java:141)
	at org.springframework.web.servlet.handler.HandlerExceptionResolverComposite.resolveException(HandlerExceptionResolverComposite.java:80)
	at org.springframework.web.servlet.DispatcherServlet.processHandlerException(DispatcherServlet.java:1300)
	at org.springframework.web.servlet.DispatcherServlet.processDispatchResult(DispatcherServlet.java:1111)
	at org.springframework.web.servlet.DispatcherServlet.doDispatch(DispatcherServlet.java:1057)
	at org.springframework.web.servlet.DispatcherServlet.doService(DispatcherServlet.java:943)
	at org.springframework.web.servlet.FrameworkServlet.processRequest(FrameworkServlet.java:1006)
	at org.springframework.web.servlet.FrameworkServlet.doGet(FrameworkServlet.java:898)
	at javax.servlet.http.HttpServlet.service(HttpServlet.java:634)
	at org.springframework.web.servlet.FrameworkServlet.service(FrameworkServlet.java:883)
	at javax.servlet.http.HttpServlet.service(HttpServlet.java:741)
	at org.apache.catalina.core.ApplicationFilterChain.internalDoFilter(ApplicationFilterChain.java:231)
	at org.apache.catalina.core.ApplicationFilterChain.doFilter(ApplicationFilterChain.java:166)
	at org.apache.tomcat.websocket.server.WsFilter.doFilter(WsFilter.java:53)
	at org.apache.catalina.core.ApplicationFilterChain.internalDoFilter(ApplicationFilterChain.java:193)
	at org.apache.catalina.core.ApplicationFilterChain.doFilter(ApplicationFilterChain.java:166)
	at org.springframework.web.filter.CharacterEncodingFilter.doFilterInternal(CharacterEncodingFilter.java:201)
	at org.springframework.web.filter.OncePerRequestFilter.doFilter(OncePerRequestFilter.java:119)
	at org.apache.catalina.core.ApplicationFilterChain.internalDoFilter(ApplicationFilterChain.java:193)
	at org.apache.catalina.core.ApplicationFilterChain.doFilter(ApplicationFilterChain.java:166)
	at org.apache.catalina.core.StandardWrapperValve.invoke(StandardWrapperValve.java:202)
	at org.apache.catalina.core.StandardContextValve.invoke(StandardContextValve.java:96)
	at org.apache.catalina.authenticator.AuthenticatorBase.invoke(AuthenticatorBase.java:541)
	at org.apache.catalina.core.StandardHostValve.invoke(StandardHostValve.java:139)
	at org.apache.catalina.valves.ErrorReportValve.invoke(ErrorReportValve.java:92)
	at org.apache.catalina.core.StandardEngineValve.invoke(StandardEngineValve.java:74)
	at org.apache.catalina.connector.CoyoteAdapter.service(CoyoteAdapter.java:343)
	at org.apache.coyote.http11.Http11Processor.service(Http11Processor.java:367)
	at org.apache.coyote.AbstractProcessorLight.process(AbstractProcessorLight.java:65)
	at org.apache.coyote.AbstractProtocol$ConnectionHandler.process(AbstractProtocol.java:868)
	at org.apache.tomcat.util.net.NioEndpoint$SocketProcessor.doRun(NioEndpoint.java:1639)
	at org.apache.tomcat.util.net.SocketProcessorBase.run(SocketProcessorBase.java:49)
	at java.util.concurrent.ThreadPoolExecutor.runWorker(ThreadPoolExecutor.java:1142)
	at java.util.concurrent.ThreadPoolExecutor$Worker.run(ThreadPoolExecutor.java:617)
	at org.apache.tomcat.util.threads.TaskThread$WrappingRunnable.run(TaskThread.java:61)
	at java.lang.Thread.run(Thread.java:745)
2020-04-18 14:14:56.568 [main] WARN  c.b.mybatisplus.core.injector.AbstractMethod - [DesktopElementsMapper.insert] Has been loaded by XML or SqlProvider or Mybatis's Annotation, so ignoring this injection for [class com.baomidou.mybatisplus.core.injector.methods.Insert]
2020-04-18 14:14:56.641 [main] WARN  c.b.mybatisplus.core.injector.AbstractMethod - [DesktopMapper.insert] Has been loaded by XML or SqlProvider or Mybatis's Annotation, so ignoring this injection for [class com.baomidou.mybatisplus.core.injector.methods.Insert]
2020-04-18 14:14:56.695 [main] WARN  c.b.mybatisplus.core.injector.AbstractMethod - [DesktopSubjectMapper.insert] Has been loaded by XML or SqlProvider or Mybatis's Annotation, so ignoring this injection for [class com.baomidou.mybatisplus.core.injector.methods.Insert]
2020-04-18 14:14:56.743 [main] WARN  c.b.mybatisplus.core.injector.AbstractMethod - [DictMapper.insert] Has been loaded by XML or SqlProvider or Mybatis's Annotation, so ignoring this injection for [class com.baomidou.mybatisplus.core.injector.methods.Insert]
2020-04-18 14:31:10.880 [main] WARN  c.b.mybatisplus.core.injector.AbstractMethod - [DesktopElementsMapper.insert] Has been loaded by XML or SqlProvider or Mybatis's Annotation, so ignoring this injection for [class com.baomidou.mybatisplus.core.injector.methods.Insert]
2020-04-18 14:31:10.950 [main] WARN  c.b.mybatisplus.core.injector.AbstractMethod - [DesktopMapper.insert] Has been loaded by XML or SqlProvider or Mybatis's Annotation, so ignoring this injection for [class com.baomidou.mybatisplus.core.injector.methods.Insert]
2020-04-18 14:31:10.993 [main] WARN  c.b.mybatisplus.core.injector.AbstractMethod - [DesktopSubjectMapper.insert] Has been loaded by XML or SqlProvider or Mybatis's Annotation, so ignoring this injection for [class com.baomidou.mybatisplus.core.injector.methods.Insert]
2020-04-18 14:31:11.030 [main] WARN  c.b.mybatisplus.core.injector.AbstractMethod - [DictMapper.insert] Has been loaded by XML or SqlProvider or Mybatis's Annotation, so ignoring this injection for [class com.baomidou.mybatisplus.core.injector.methods.Insert]
2020-04-18 14:33:45.273 [main] WARN  c.b.mybatisplus.core.injector.AbstractMethod - [DesktopElementsMapper.insert] Has been loaded by XML or SqlProvider or Mybatis's Annotation, so ignoring this injection for [class com.baomidou.mybatisplus.core.injector.methods.Insert]
2020-04-18 14:33:45.354 [main] WARN  c.b.mybatisplus.core.injector.AbstractMethod - [DesktopMapper.insert] Has been loaded by XML or SqlProvider or Mybatis's Annotation, so ignoring this injection for [class com.baomidou.mybatisplus.core.injector.methods.Insert]
2020-04-18 14:33:45.407 [main] WARN  c.b.mybatisplus.core.injector.AbstractMethod - [DesktopSubjectMapper.insert] Has been loaded by XML or SqlProvider or Mybatis's Annotation, so ignoring this injection for [class com.baomidou.mybatisplus.core.injector.methods.Insert]
2020-04-18 14:33:45.445 [main] WARN  c.b.mybatisplus.core.injector.AbstractMethod - [DictMapper.insert] Has been loaded by XML or SqlProvider or Mybatis's Annotation, so ignoring this injection for [class com.baomidou.mybatisplus.core.injector.methods.Insert]
2020-04-18 14:36:37.556 [main] WARN  c.b.mybatisplus.core.injector.AbstractMethod - [DesktopElementsMapper.insert] Has been loaded by XML or SqlProvider or Mybatis's Annotation, so ignoring this injection for [class com.baomidou.mybatisplus.core.injector.methods.Insert]
2020-04-18 14:36:37.629 [main] WARN  c.b.mybatisplus.core.injector.AbstractMethod - [DesktopMapper.insert] Has been loaded by XML or SqlProvider or Mybatis's Annotation, so ignoring this injection for [class com.baomidou.mybatisplus.core.injector.methods.Insert]
2020-04-18 14:36:37.676 [main] WARN  c.b.mybatisplus.core.injector.AbstractMethod - [DesktopSubjectMapper.insert] Has been loaded by XML or SqlProvider or Mybatis's Annotation, so ignoring this injection for [class com.baomidou.mybatisplus.core.injector.methods.Insert]
2020-04-18 14:36:37.716 [main] WARN  c.b.mybatisplus.core.injector.AbstractMethod - [DictMapper.insert] Has been loaded by XML or SqlProvider or Mybatis's Annotation, so ignoring this injection for [class com.baomidou.mybatisplus.core.injector.methods.Insert]
2020-04-18 14:38:40.678 [main] WARN  c.b.mybatisplus.core.injector.AbstractMethod - [DesktopElementsMapper.insert] Has been loaded by XML or SqlProvider or Mybatis's Annotation, so ignoring this injection for [class com.baomidou.mybatisplus.core.injector.methods.Insert]
2020-04-18 14:38:40.762 [main] WARN  c.b.mybatisplus.core.injector.AbstractMethod - [DesktopMapper.insert] Has been loaded by XML or SqlProvider or Mybatis's Annotation, so ignoring this injection for [class com.baomidou.mybatisplus.core.injector.methods.Insert]
2020-04-18 14:38:40.806 [main] WARN  c.b.mybatisplus.core.injector.AbstractMethod - [DesktopSubjectMapper.insert] Has been loaded by XML or SqlProvider or Mybatis's Annotation, so ignoring this injection for [class com.baomidou.mybatisplus.core.injector.methods.Insert]
2020-04-18 14:38:40.841 [main] WARN  c.b.mybatisplus.core.injector.AbstractMethod - [DictMapper.insert] Has been loaded by XML or SqlProvider or Mybatis's Annotation, so ignoring this injection for [class com.baomidou.mybatisplus.core.injector.methods.Insert]
2020-04-18 14:42:45.927 [main] WARN  c.b.mybatisplus.core.injector.AbstractMethod - [DesktopElementsMapper.insert] Has been loaded by XML or SqlProvider or Mybatis's Annotation, so ignoring this injection for [class com.baomidou.mybatisplus.core.injector.methods.Insert]
2020-04-18 14:42:46.006 [main] WARN  c.b.mybatisplus.core.injector.AbstractMethod - [DesktopMapper.insert] Has been loaded by XML or SqlProvider or Mybatis's Annotation, so ignoring this injection for [class com.baomidou.mybatisplus.core.injector.methods.Insert]
2020-04-18 14:42:46.047 [main] WARN  c.b.mybatisplus.core.injector.AbstractMethod - [DesktopSubjectMapper.insert] Has been loaded by XML or SqlProvider or Mybatis's Annotation, so ignoring this injection for [class com.baomidou.mybatisplus.core.injector.methods.Insert]
2020-04-18 14:42:46.090 [main] WARN  c.b.mybatisplus.core.injector.AbstractMethod - [DictMapper.insert] Has been loaded by XML or SqlProvider or Mybatis's Annotation, so ignoring this injection for [class com.baomidou.mybatisplus.core.injector.methods.Insert]
2020-04-18 18:40:52.057 [main] WARN  c.b.mybatisplus.core.injector.AbstractMethod - [DesktopElementsMapper.insert] Has been loaded by XML or SqlProvider or Mybatis's Annotation, so ignoring this injection for [class com.baomidou.mybatisplus.core.injector.methods.Insert]
2020-04-18 18:40:52.138 [main] WARN  c.b.mybatisplus.core.injector.AbstractMethod - [DesktopMapper.insert] Has been loaded by XML or SqlProvider or Mybatis's Annotation, so ignoring this injection for [class com.baomidou.mybatisplus.core.injector.methods.Insert]
2020-04-18 18:40:52.190 [main] WARN  c.b.mybatisplus.core.injector.AbstractMethod - [DesktopSubjectMapper.insert] Has been loaded by XML or SqlProvider or Mybatis's Annotation, so ignoring this injection for [class com.baomidou.mybatisplus.core.injector.methods.Insert]
2020-04-18 18:40:52.232 [main] WARN  c.b.mybatisplus.core.injector.AbstractMethod - [DictMapper.insert] Has been loaded by XML or SqlProvider or Mybatis's Annotation, so ignoring this injection for [class com.baomidou.mybatisplus.core.injector.methods.Insert]
2020-04-18 18:43:48.867 [main] WARN  c.b.mybatisplus.core.injector.AbstractMethod - [DesktopElementsMapper.insert] Has been loaded by XML or SqlProvider or Mybatis's Annotation, so ignoring this injection for [class com.baomidou.mybatisplus.core.injector.methods.Insert]
2020-04-18 18:43:48.944 [main] WARN  c.b.mybatisplus.core.injector.AbstractMethod - [DesktopMapper.insert] Has been loaded by XML or SqlProvider or Mybatis's Annotation, so ignoring this injection for [class com.baomidou.mybatisplus.core.injector.methods.Insert]
2020-04-18 18:43:48.984 [main] WARN  c.b.mybatisplus.core.injector.AbstractMethod - [DesktopSubjectMapper.insert] Has been loaded by XML or SqlProvider or Mybatis's Annotation, so ignoring this injection for [class com.baomidou.mybatisplus.core.injector.methods.Insert]
2020-04-18 18:43:49.029 [main] WARN  c.b.mybatisplus.core.injector.AbstractMethod - [DictMapper.insert] Has been loaded by XML or SqlProvider or Mybatis's Annotation, so ignoring this injection for [class com.baomidou.mybatisplus.core.injector.methods.Insert]
