2020-04-16 10:35:02.418 [main] WARN  o.s.b.w.s.c.AnnotationConfigServletWebServerApplicationContext - Exception encountered during context initialization - cancelling refresh attempt: org.springframework.beans.factory.UnsatisfiedDependencyException: Error creating bean with name 'documentationPluginsBootstrapper' defined in URL [jar:file:/F:/maven-repository/io/springfox/springfox-spring-web/2.9.2/springfox-spring-web-2.9.2.jar!/springfox/documentation/spring/web/plugins/DocumentationPluginsBootstrapper.class]: Unsatisfied dependency expressed through constructor parameter 1; nested exception is org.springframework.beans.factory.UnsatisfiedDependencyException: Error creating bean with name 'webMvcRequestHandlerProvider' defined in URL [jar:file:/F:/maven-repository/io/springfox/springfox-spring-web/2.9.2/springfox-spring-web-2.9.2.jar!/springfox/documentation/spring/web/plugins/WebMvcRequestHandlerProvider.class]: Unsatisfied dependency expressed through constructor parameter 1; nested exception is org.springframework.beans.factory.BeanCreationException: Error creating bean with name 'requestMappingHandlerMapping' defined in class path resource [com/liv/web/config/CrosAndJSONConfiguration.class]: Invocation of init method failed; nested exception is java.lang.IllegalStateException: Ambiguous mapping. Cannot map 'dictController2' method 
com.liv.controller.DictController2#list(String)
to {GET /dict/{dicttype}}: There is already 'dictController' bean method
com.liv.controller.DictController#list(String) mapped.
2020-04-16 16:37:07.758 [main] WARN  o.s.b.w.s.c.AnnotationConfigServletWebServerApplicationContext - Exception encountered during context initialization - cancelling refresh attempt: org.springframework.beans.factory.UnsatisfiedDependencyException: Error creating bean with name 'desktopController': Unsatisfied dependency expressed through field 'service'; nested exception is org.springframework.beans.factory.UnsatisfiedDependencyException: Error creating bean with name 'desktopServiceImpl': Unsatisfied dependency expressed through field 'mapper'; nested exception is org.springframework.beans.factory.NoSuchBeanDefinitionException: No qualifying bean of type 'com.liv.web.base.LivBaseMapper<com.liv.dao.datamodel.Desktop>' available: expected at least 1 bean which qualifies as autowire candidate. Dependency annotations: {@org.springframework.beans.factory.annotation.Autowired(required=true)}
2020-04-16 18:52:38.011 [http-nio-80-exec-1] WARN  o.s.w.s.m.m.a.ExceptionHandlerExceptionResolver - Failure in @ExceptionHandler com.liv.web.exception.GlobalExceptionHandler#ConstraintViolationException(ConstraintViolationException)
com.alibaba.fastjson.JSONException: write javaBean error, class com.liv.web.base.ResultBody, write javaBean error, class org.hibernate.validator.internal.engine.ConstraintViolationImpl, fieldName : 0, write javaBean error, class org.hibernate.validator.internal.engine.path.PathImpl, fieldName : propertyPath, write javaBean error, class org.hibernate.validator.internal.engine.path.NodeImpl, fieldName : leafNode
	at com.alibaba.fastjson.serializer.JavaBeanSerializer.write(JavaBeanSerializer.java:326)
	at com.alibaba.fastjson.serializer.ASMSerializer_1_ResultBody.writeNormal(Unknown Source)
	at com.alibaba.fastjson.serializer.ASMSerializer_1_ResultBody.write(Unknown Source)
	at com.alibaba.fastjson.serializer.JSONSerializer.write(JSONSerializer.java:275)
	at com.alibaba.fastjson.JSON.writeJSONString(JSON.java:781)
	at com.alibaba.fastjson.support.spring.FastJsonHttpMessageConverter.writeInternal(FastJsonHttpMessageConverter.java:151)
	at com.alibaba.fastjson.support.spring.FastJsonHttpMessageConverter.write(FastJsonHttpMessageConverter.java:215)
	at org.springframework.web.servlet.mvc.method.annotation.AbstractMessageConverterMethodProcessor.writeWithMessageConverters(AbstractMessageConverterMethodProcessor.java:287)
	at org.springframework.web.servlet.mvc.method.annotation.RequestResponseBodyMethodProcessor.handleReturnValue(RequestResponseBodyMethodProcessor.java:181)
	at org.springframework.web.method.support.HandlerMethodReturnValueHandlerComposite.handleReturnValue(HandlerMethodReturnValueHandlerComposite.java:82)
	at org.springframework.web.servlet.mvc.method.annotation.ServletInvocableHandlerMethod.invokeAndHandle(ServletInvocableHandlerMethod.java:124)
	at org.springframework.web.servlet.mvc.method.annotation.ExceptionHandlerExceptionResolver.doResolveHandlerMethodException(ExceptionHandlerExceptionResolver.java:407)
	at org.springframework.web.servlet.handler.AbstractHandlerMethodExceptionResolver.doResolveException(AbstractHandlerMethodExceptionResolver.java:61)
	at org.springframework.web.servlet.handler.AbstractHandlerExceptionResolver.resolveException(AbstractHandlerExceptionResolver.java:141)
	at org.springframework.web.servlet.handler.HandlerExceptionResolverComposite.resolveException(HandlerExceptionResolverComposite.java:80)
	at org.springframework.web.servlet.DispatcherServlet.processHandlerException(DispatcherServlet.java:1300)
	at org.springframework.web.servlet.DispatcherServlet.processDispatchResult(DispatcherServlet.java:1111)
	at org.springframework.web.servlet.DispatcherServlet.doDispatch(DispatcherServlet.java:1057)
	at org.springframework.web.servlet.DispatcherServlet.doService(DispatcherServlet.java:943)
	at org.springframework.web.servlet.FrameworkServlet.processRequest(FrameworkServlet.java:1006)
	at org.springframework.web.servlet.FrameworkServlet.doGet(FrameworkServlet.java:898)
	at javax.servlet.http.HttpServlet.service(HttpServlet.java:634)
	at org.springframework.web.servlet.FrameworkServlet.service(FrameworkServlet.java:883)
	at javax.servlet.http.HttpServlet.service(HttpServlet.java:741)
	at org.apache.catalina.core.ApplicationFilterChain.internalDoFilter(ApplicationFilterChain.java:231)
	at org.apache.catalina.core.ApplicationFilterChain.doFilter(ApplicationFilterChain.java:166)
	at org.apache.tomcat.websocket.server.WsFilter.doFilter(WsFilter.java:53)
	at org.apache.catalina.core.ApplicationFilterChain.internalDoFilter(ApplicationFilterChain.java:193)
	at org.apache.catalina.core.ApplicationFilterChain.doFilter(ApplicationFilterChain.java:166)
	at org.springframework.web.filter.CharacterEncodingFilter.doFilterInternal(CharacterEncodingFilter.java:201)
	at org.springframework.web.filter.OncePerRequestFilter.doFilter(OncePerRequestFilter.java:119)
	at org.apache.catalina.core.ApplicationFilterChain.internalDoFilter(ApplicationFilterChain.java:193)
	at org.apache.catalina.core.ApplicationFilterChain.doFilter(ApplicationFilterChain.java:166)
	at org.apache.catalina.core.StandardWrapperValve.invoke(StandardWrapperValve.java:202)
	at org.apache.catalina.core.StandardContextValve.invoke(StandardContextValve.java:96)
	at org.apache.catalina.authenticator.AuthenticatorBase.invoke(AuthenticatorBase.java:541)
	at org.apache.catalina.core.StandardHostValve.invoke(StandardHostValve.java:139)
	at org.apache.catalina.valves.ErrorReportValve.invoke(ErrorReportValve.java:92)
	at org.apache.catalina.core.StandardEngineValve.invoke(StandardEngineValve.java:74)
	at org.apache.catalina.connector.CoyoteAdapter.service(CoyoteAdapter.java:343)
	at org.apache.coyote.http11.Http11Processor.service(Http11Processor.java:367)
	at org.apache.coyote.AbstractProcessorLight.process(AbstractProcessorLight.java:65)
	at org.apache.coyote.AbstractProtocol$ConnectionHandler.process(AbstractProtocol.java:868)
	at org.apache.tomcat.util.net.NioEndpoint$SocketProcessor.doRun(NioEndpoint.java:1639)
	at org.apache.tomcat.util.net.SocketProcessorBase.run(SocketProcessorBase.java:49)
	at java.util.concurrent.ThreadPoolExecutor.runWorker(ThreadPoolExecutor.java:1142)
	at java.util.concurrent.ThreadPoolExecutor$Worker.run(ThreadPoolExecutor.java:617)
	at org.apache.tomcat.util.threads.TaskThread$WrappingRunnable.run(TaskThread.java:61)
	at java.lang.Thread.run(Thread.java:745)
Caused by: com.alibaba.fastjson.JSONException: write javaBean error, class org.hibernate.validator.internal.engine.ConstraintViolationImpl, fieldName : 0, write javaBean error, class org.hibernate.validator.internal.engine.path.PathImpl, fieldName : propertyPath, write javaBean error, class org.hibernate.validator.internal.engine.path.NodeImpl, fieldName : leafNode
	at com.alibaba.fastjson.serializer.JavaBeanSerializer.write(JavaBeanSerializer.java:326)
	at com.alibaba.fastjson.serializer.ASMSerializer_2_ConstraintViolationImpl.writeNormal(Unknown Source)
	at com.alibaba.fastjson.serializer.ASMSerializer_2_ConstraintViolationImpl.write(Unknown Source)
	at com.alibaba.fastjson.serializer.CollectionCodec.write(CollectionCodec.java:96)
	at com.alibaba.fastjson.serializer.FieldSerializer.writeValue(FieldSerializer.java:222)
	at com.alibaba.fastjson.serializer.JavaBeanSerializer.write(JavaBeanSerializer.java:296)
	... 48 common frames omitted
Caused by: com.alibaba.fastjson.JSONException: write javaBean error, class org.hibernate.validator.internal.engine.path.PathImpl, fieldName : propertyPath, write javaBean error, class org.hibernate.validator.internal.engine.path.NodeImpl, fieldName : leafNode
	at com.alibaba.fastjson.serializer.JavaBeanSerializer.write(JavaBeanSerializer.java:326)
	at com.alibaba.fastjson.serializer.ASMSerializer_7_PathImpl.writeNormal(Unknown Source)
	at com.alibaba.fastjson.serializer.ASMSerializer_7_PathImpl.write(Unknown Source)
	at com.alibaba.fastjson.serializer.FieldSerializer.writeValue(FieldSerializer.java:222)
	at com.alibaba.fastjson.serializer.JavaBeanSerializer.write(JavaBeanSerializer.java:296)
	... 53 common frames omitted
Caused by: com.alibaba.fastjson.JSONException: write javaBean error, class org.hibernate.validator.internal.engine.path.NodeImpl, fieldName : leafNode
	at com.alibaba.fastjson.serializer.JavaBeanSerializer.write(JavaBeanSerializer.java:326)
	at com.alibaba.fastjson.serializer.ASMSerializer_8_NodeImpl.writeNormal(Unknown Source)
	at com.alibaba.fastjson.serializer.ASMSerializer_8_NodeImpl.write(Unknown Source)
	at com.alibaba.fastjson.serializer.FieldSerializer.writeValue(FieldSerializer.java:222)
	at com.alibaba.fastjson.serializer.JavaBeanSerializer.write(JavaBeanSerializer.java:296)
	... 57 common frames omitted
Caused by: java.lang.reflect.InvocationTargetException: null
	at sun.reflect.NativeMethodAccessorImpl.invoke0(Native Method)
	at sun.reflect.NativeMethodAccessorImpl.invoke(NativeMethodAccessorImpl.java:62)
	at sun.reflect.DelegatingMethodAccessorImpl.invoke(DelegatingMethodAccessorImpl.java:43)
	at java.lang.reflect.Method.invoke(Method.java:498)
	at com.alibaba.fastjson.util.FieldInfo.get(FieldInfo.java:451)
	at com.alibaba.fastjson.serializer.FieldSerializer.getPropertyValueDirect(FieldSerializer.java:110)
	at com.alibaba.fastjson.serializer.JavaBeanSerializer.write(JavaBeanSerializer.java:196)
	... 61 common frames omitted
Caused by: java.lang.IllegalArgumentException: HV000116: getContainerClass() may only be invoked for nodes of type ElementKind.BEAN, ElementKind.PROPERTY or ElementKind.CONTAINER_ELEMENT.
	at org.hibernate.validator.internal.util.Contracts.assertTrue(Contracts.java:67)
	at org.hibernate.validator.internal.engine.path.NodeImpl.getContainerClass(NodeImpl.java:311)
	... 68 common frames omitted
2020-04-16 18:54:14.325 [http-nio-80-exec-1] WARN  o.s.w.s.m.m.a.ExceptionHandlerExceptionResolver - Failure in @ExceptionHandler com.liv.web.exception.GlobalExceptionHandler#ConstraintViolationException(ConstraintViolationException)
com.alibaba.fastjson.JSONException: write javaBean error, class com.liv.web.base.ResultBody, write javaBean error, class org.hibernate.validator.internal.engine.ConstraintViolationImpl, fieldName : 0, write javaBean error, class org.hibernate.validator.internal.engine.path.PathImpl, fieldName : propertyPath, write javaBean error, class org.hibernate.validator.internal.engine.path.NodeImpl, fieldName : leafNode
	at com.alibaba.fastjson.serializer.JavaBeanSerializer.write(JavaBeanSerializer.java:326)
	at com.alibaba.fastjson.serializer.ASMSerializer_1_ResultBody.writeNormal(Unknown Source)
	at com.alibaba.fastjson.serializer.ASMSerializer_1_ResultBody.write(Unknown Source)
	at com.alibaba.fastjson.serializer.JSONSerializer.write(JSONSerializer.java:275)
	at com.alibaba.fastjson.JSON.writeJSONString(JSON.java:781)
	at com.alibaba.fastjson.support.spring.FastJsonHttpMessageConverter.writeInternal(FastJsonHttpMessageConverter.java:151)
	at com.alibaba.fastjson.support.spring.FastJsonHttpMessageConverter.write(FastJsonHttpMessageConverter.java:215)
	at org.springframework.web.servlet.mvc.method.annotation.AbstractMessageConverterMethodProcessor.writeWithMessageConverters(AbstractMessageConverterMethodProcessor.java:287)
	at org.springframework.web.servlet.mvc.method.annotation.RequestResponseBodyMethodProcessor.handleReturnValue(RequestResponseBodyMethodProcessor.java:181)
	at org.springframework.web.method.support.HandlerMethodReturnValueHandlerComposite.handleReturnValue(HandlerMethodReturnValueHandlerComposite.java:82)
	at org.springframework.web.servlet.mvc.method.annotation.ServletInvocableHandlerMethod.invokeAndHandle(ServletInvocableHandlerMethod.java:124)
	at org.springframework.web.servlet.mvc.method.annotation.ExceptionHandlerExceptionResolver.doResolveHandlerMethodException(ExceptionHandlerExceptionResolver.java:407)
	at org.springframework.web.servlet.handler.AbstractHandlerMethodExceptionResolver.doResolveException(AbstractHandlerMethodExceptionResolver.java:61)
	at org.springframework.web.servlet.handler.AbstractHandlerExceptionResolver.resolveException(AbstractHandlerExceptionResolver.java:141)
	at org.springframework.web.servlet.handler.HandlerExceptionResolverComposite.resolveException(HandlerExceptionResolverComposite.java:80)
	at org.springframework.web.servlet.DispatcherServlet.processHandlerException(DispatcherServlet.java:1300)
	at org.springframework.web.servlet.DispatcherServlet.processDispatchResult(DispatcherServlet.java:1111)
	at org.springframework.web.servlet.DispatcherServlet.doDispatch(DispatcherServlet.java:1057)
	at org.springframework.web.servlet.DispatcherServlet.doService(DispatcherServlet.java:943)
	at org.springframework.web.servlet.FrameworkServlet.processRequest(FrameworkServlet.java:1006)
	at org.springframework.web.servlet.FrameworkServlet.doGet(FrameworkServlet.java:898)
	at javax.servlet.http.HttpServlet.service(HttpServlet.java:634)
	at org.springframework.web.servlet.FrameworkServlet.service(FrameworkServlet.java:883)
	at javax.servlet.http.HttpServlet.service(HttpServlet.java:741)
	at org.apache.catalina.core.ApplicationFilterChain.internalDoFilter(ApplicationFilterChain.java:231)
	at org.apache.catalina.core.ApplicationFilterChain.doFilter(ApplicationFilterChain.java:166)
	at org.apache.tomcat.websocket.server.WsFilter.doFilter(WsFilter.java:53)
	at org.apache.catalina.core.ApplicationFilterChain.internalDoFilter(ApplicationFilterChain.java:193)
	at org.apache.catalina.core.ApplicationFilterChain.doFilter(ApplicationFilterChain.java:166)
	at org.springframework.web.filter.CharacterEncodingFilter.doFilterInternal(CharacterEncodingFilter.java:201)
	at org.springframework.web.filter.OncePerRequestFilter.doFilter(OncePerRequestFilter.java:119)
	at org.apache.catalina.core.ApplicationFilterChain.internalDoFilter(ApplicationFilterChain.java:193)
	at org.apache.catalina.core.ApplicationFilterChain.doFilter(ApplicationFilterChain.java:166)
	at org.apache.catalina.core.StandardWrapperValve.invoke(StandardWrapperValve.java:202)
	at org.apache.catalina.core.StandardContextValve.invoke(StandardContextValve.java:96)
	at org.apache.catalina.authenticator.AuthenticatorBase.invoke(AuthenticatorBase.java:541)
	at org.apache.catalina.core.StandardHostValve.invoke(StandardHostValve.java:139)
	at org.apache.catalina.valves.ErrorReportValve.invoke(ErrorReportValve.java:92)
	at org.apache.catalina.core.StandardEngineValve.invoke(StandardEngineValve.java:74)
	at org.apache.catalina.connector.CoyoteAdapter.service(CoyoteAdapter.java:343)
	at org.apache.coyote.http11.Http11Processor.service(Http11Processor.java:367)
	at org.apache.coyote.AbstractProcessorLight.process(AbstractProcessorLight.java:65)
	at org.apache.coyote.AbstractProtocol$ConnectionHandler.process(AbstractProtocol.java:868)
	at org.apache.tomcat.util.net.NioEndpoint$SocketProcessor.doRun(NioEndpoint.java:1639)
	at org.apache.tomcat.util.net.SocketProcessorBase.run(SocketProcessorBase.java:49)
	at java.util.concurrent.ThreadPoolExecutor.runWorker(ThreadPoolExecutor.java:1142)
	at java.util.concurrent.ThreadPoolExecutor$Worker.run(ThreadPoolExecutor.java:617)
	at org.apache.tomcat.util.threads.TaskThread$WrappingRunnable.run(TaskThread.java:61)
	at java.lang.Thread.run(Thread.java:745)
Caused by: com.alibaba.fastjson.JSONException: write javaBean error, class org.hibernate.validator.internal.engine.ConstraintViolationImpl, fieldName : 0, write javaBean error, class org.hibernate.validator.internal.engine.path.PathImpl, fieldName : propertyPath, write javaBean error, class org.hibernate.validator.internal.engine.path.NodeImpl, fieldName : leafNode
	at com.alibaba.fastjson.serializer.JavaBeanSerializer.write(JavaBeanSerializer.java:326)
	at com.alibaba.fastjson.serializer.ASMSerializer_2_ConstraintViolationImpl.writeNormal(Unknown Source)
	at com.alibaba.fastjson.serializer.ASMSerializer_2_ConstraintViolationImpl.write(Unknown Source)
	at com.alibaba.fastjson.serializer.CollectionCodec.write(CollectionCodec.java:96)
	at com.alibaba.fastjson.serializer.FieldSerializer.writeValue(FieldSerializer.java:222)
	at com.alibaba.fastjson.serializer.JavaBeanSerializer.write(JavaBeanSerializer.java:296)
	... 48 common frames omitted
Caused by: com.alibaba.fastjson.JSONException: write javaBean error, class org.hibernate.validator.internal.engine.path.PathImpl, fieldName : propertyPath, write javaBean error, class org.hibernate.validator.internal.engine.path.NodeImpl, fieldName : leafNode
	at com.alibaba.fastjson.serializer.JavaBeanSerializer.write(JavaBeanSerializer.java:326)
	at com.alibaba.fastjson.serializer.ASMSerializer_7_PathImpl.writeNormal(Unknown Source)
	at com.alibaba.fastjson.serializer.ASMSerializer_7_PathImpl.write(Unknown Source)
	at com.alibaba.fastjson.serializer.FieldSerializer.writeValue(FieldSerializer.java:222)
	at com.alibaba.fastjson.serializer.JavaBeanSerializer.write(JavaBeanSerializer.java:296)
	... 53 common frames omitted
Caused by: com.alibaba.fastjson.JSONException: write javaBean error, class org.hibernate.validator.internal.engine.path.NodeImpl, fieldName : leafNode
	at com.alibaba.fastjson.serializer.JavaBeanSerializer.write(JavaBeanSerializer.java:326)
	at com.alibaba.fastjson.serializer.ASMSerializer_8_NodeImpl.writeNormal(Unknown Source)
	at com.alibaba.fastjson.serializer.ASMSerializer_8_NodeImpl.write(Unknown Source)
	at com.alibaba.fastjson.serializer.FieldSerializer.writeValue(FieldSerializer.java:222)
	at com.alibaba.fastjson.serializer.JavaBeanSerializer.write(JavaBeanSerializer.java:296)
	... 57 common frames omitted
Caused by: java.lang.reflect.InvocationTargetException: null
	at sun.reflect.NativeMethodAccessorImpl.invoke0(Native Method)
	at sun.reflect.NativeMethodAccessorImpl.invoke(NativeMethodAccessorImpl.java:62)
	at sun.reflect.DelegatingMethodAccessorImpl.invoke(DelegatingMethodAccessorImpl.java:43)
	at java.lang.reflect.Method.invoke(Method.java:498)
	at com.alibaba.fastjson.util.FieldInfo.get(FieldInfo.java:451)
	at com.alibaba.fastjson.serializer.FieldSerializer.getPropertyValueDirect(FieldSerializer.java:110)
	at com.alibaba.fastjson.serializer.JavaBeanSerializer.write(JavaBeanSerializer.java:196)
	... 61 common frames omitted
Caused by: java.lang.IllegalArgumentException: HV000116: getContainerClass() may only be invoked for nodes of type ElementKind.BEAN, ElementKind.PROPERTY or ElementKind.CONTAINER_ELEMENT.
	at org.hibernate.validator.internal.util.Contracts.assertTrue(Contracts.java:67)
	at org.hibernate.validator.internal.engine.path.NodeImpl.getContainerClass(NodeImpl.java:311)
	... 68 common frames omitted
