2020-05-11 16:55:46.049 [main] INFO  com.liv.App - Starting App on LW with PID 15836 (E:\workspace\wg\LivWebBase\mm-webDesktop\target\classes started by LW in E:\workspace\wg\LivWebBase)
2020-05-11 16:55:46.120 [main] INFO  com.liv.App - The following profiles are active: dev
2020-05-11 16:55:48.468 [main] INFO  o.s.d.r.config.RepositoryConfigurationDelegate - Multiple Spring Data modules found, entering strict repository configuration mode!
2020-05-11 16:55:48.471 [main] INFO  o.s.d.r.config.RepositoryConfigurationDelegate - Bootstrapping Spring Data Redis repositories in DEFAULT mode.
2020-05-11 16:55:48.505 [main] INFO  o.s.d.r.config.RepositoryConfigurationDelegate - Finished Spring Data repository scanning in 16ms. Found 0 Redis repository interfaces.
2020-05-11 16:55:49.492 [main] INFO  o.s.c.s.PostProcessorRegistrationDelegate$BeanPostProcessorChecker - Bean 'validateConfig' of type [ValidateConfig$$EnhancerBySpringCGLIB$$1c88ff34] is not eligible for getting processed by all BeanPostProcessors (for example: not eligible for auto-proxying)
2020-05-11 16:55:49.521 [main] INFO  o.s.c.s.PostProcessorRegistrationDelegate$BeanPostProcessorChecker - Bean 'validator' of type [org.hibernate.validator.internal.engine.ValidatorImpl] is not eligible for getting processed by all BeanPostProcessors (for example: not eligible for auto-proxying)
2020-05-11 16:55:51.474 [main] INFO  o.s.boot.web.embedded.tomcat.TomcatWebServer - Tomcat initialized with port(s): 80 (http)
2020-05-11 16:55:51.493 [main] INFO  org.apache.coyote.http11.Http11NioProtocol - Initializing ProtocolHandler ["http-nio-80"]
2020-05-11 16:55:51.493 [main] INFO  org.apache.catalina.core.StandardService - Starting service [Tomcat]
2020-05-11 16:55:51.493 [main] INFO  org.apache.catalina.core.StandardEngine - Starting Servlet engine: [Apache Tomcat/9.0.31]
2020-05-11 16:55:51.689 [main] INFO  o.a.c.c.C.[Tomcat].[localhost].[/mmdesk] - Initializing Spring embedded WebApplicationContext
2020-05-11 16:55:51.689 [main] INFO  org.springframework.web.context.ContextLoader - Root WebApplicationContext: initialization completed in 5405 ms
2020-05-11 16:55:54.275 [main] INFO  com.alibaba.druid.pool.DruidDataSource - {dataSource-0} closing ...
2020-05-11 16:55:54.278 [main] INFO  org.apache.catalina.core.StandardService - Stopping service [Tomcat]
2020-05-11 16:55:54.392 [main] INFO  o.s.b.a.l.ConditionEvaluationReportLoggingListener - 

Error starting ApplicationContext. To display the conditions report re-run your application with 'debug' enabled.
2020-05-11 16:56:52.973 [main] INFO  com.liv.App - Starting App on LW with PID 4512 (E:\workspace\wg\LivWebBase\mm-webDesktop\target\classes started by LW in E:\workspace\wg\LivWebBase)
2020-05-11 16:56:52.978 [main] INFO  com.liv.App - The following profiles are active: dev
2020-05-11 16:56:54.580 [main] INFO  o.s.d.r.config.RepositoryConfigurationDelegate - Multiple Spring Data modules found, entering strict repository configuration mode!
2020-05-11 16:56:54.585 [main] INFO  o.s.d.r.config.RepositoryConfigurationDelegate - Bootstrapping Spring Data Redis repositories in DEFAULT mode.
2020-05-11 16:56:54.635 [main] INFO  o.s.d.r.config.RepositoryConfigurationDelegate - Finished Spring Data repository scanning in 22ms. Found 0 Redis repository interfaces.
2020-05-11 16:56:55.156 [main] INFO  o.s.c.s.PostProcessorRegistrationDelegate$BeanPostProcessorChecker - Bean 'validateConfig' of type [ValidateConfig$$EnhancerBySpringCGLIB$$4461d610] is not eligible for getting processed by all BeanPostProcessors (for example: not eligible for auto-proxying)
2020-05-11 16:56:55.184 [main] INFO  o.s.c.s.PostProcessorRegistrationDelegate$BeanPostProcessorChecker - Bean 'validator' of type [org.hibernate.validator.internal.engine.ValidatorImpl] is not eligible for getting processed by all BeanPostProcessors (for example: not eligible for auto-proxying)
2020-05-11 16:56:56.735 [main] INFO  o.s.boot.web.embedded.tomcat.TomcatWebServer - Tomcat initialized with port(s): 80 (http)
2020-05-11 16:56:56.747 [main] INFO  org.apache.coyote.http11.Http11NioProtocol - Initializing ProtocolHandler ["http-nio-80"]
2020-05-11 16:56:56.747 [main] INFO  org.apache.catalina.core.StandardService - Starting service [Tomcat]
2020-05-11 16:56:56.748 [main] INFO  org.apache.catalina.core.StandardEngine - Starting Servlet engine: [Apache Tomcat/9.0.31]
2020-05-11 16:56:56.901 [main] INFO  o.a.c.c.C.[Tomcat].[localhost].[/mmdesk] - Initializing Spring embedded WebApplicationContext
2020-05-11 16:56:56.901 [main] INFO  org.springframework.web.context.ContextLoader - Root WebApplicationContext: initialization completed in 3820 ms
2020-05-11 16:56:59.431 [main] INFO  com.alibaba.druid.pool.DruidDataSource - {dataSource-0} closing ...
2020-05-11 16:56:59.435 [main] INFO  org.apache.catalina.core.StandardService - Stopping service [Tomcat]
2020-05-11 16:56:59.500 [main] INFO  o.s.b.a.l.ConditionEvaluationReportLoggingListener - 

Error starting ApplicationContext. To display the conditions report re-run your application with 'debug' enabled.
2020-05-11 17:11:30.128 [main] INFO  com.liv.App - Starting App on LW with PID 13608 (E:\workspace\wg\LivWebBase\mm-webDesktop\target\classes started by LW in E:\workspace\wg\LivWebBase)
2020-05-11 17:11:30.133 [main] INFO  com.liv.App - The following profiles are active: dev
2020-05-11 17:11:31.666 [main] INFO  o.s.d.r.config.RepositoryConfigurationDelegate - Multiple Spring Data modules found, entering strict repository configuration mode!
2020-05-11 17:11:31.670 [main] INFO  o.s.d.r.config.RepositoryConfigurationDelegate - Bootstrapping Spring Data Redis repositories in DEFAULT mode.
2020-05-11 17:11:31.716 [main] INFO  o.s.d.r.config.RepositoryConfigurationDelegate - Finished Spring Data repository scanning in 22ms. Found 0 Redis repository interfaces.
2020-05-11 17:11:32.105 [main] INFO  o.s.c.s.PostProcessorRegistrationDelegate$BeanPostProcessorChecker - Bean 'validateConfig' of type [ValidateConfig$$EnhancerBySpringCGLIB$$154f85ff] is not eligible for getting processed by all BeanPostProcessors (for example: not eligible for auto-proxying)
2020-05-11 17:11:32.127 [main] INFO  o.s.c.s.PostProcessorRegistrationDelegate$BeanPostProcessorChecker - Bean 'validator' of type [org.hibernate.validator.internal.engine.ValidatorImpl] is not eligible for getting processed by all BeanPostProcessors (for example: not eligible for auto-proxying)
2020-05-11 17:11:33.713 [main] INFO  o.s.boot.web.embedded.tomcat.TomcatWebServer - Tomcat initialized with port(s): 80 (http)
2020-05-11 17:11:33.725 [main] INFO  org.apache.coyote.http11.Http11NioProtocol - Initializing ProtocolHandler ["http-nio-80"]
2020-05-11 17:11:33.726 [main] INFO  org.apache.catalina.core.StandardService - Starting service [Tomcat]
2020-05-11 17:11:33.726 [main] INFO  org.apache.catalina.core.StandardEngine - Starting Servlet engine: [Apache Tomcat/9.0.31]
2020-05-11 17:11:33.848 [main] INFO  o.a.c.c.C.[Tomcat].[localhost].[/mmdesk] - Initializing Spring embedded WebApplicationContext
2020-05-11 17:11:33.848 [main] INFO  org.springframework.web.context.ContextLoader - Root WebApplicationContext: initialization completed in 3661 ms
2020-05-11 17:11:36.113 [main] INFO  com.alibaba.druid.pool.DruidDataSource - {dataSource-0} closing ...
2020-05-11 17:11:36.117 [main] INFO  org.apache.catalina.core.StandardService - Stopping service [Tomcat]
2020-05-11 17:11:36.187 [main] INFO  o.s.b.a.l.ConditionEvaluationReportLoggingListener - 

Error starting ApplicationContext. To display the conditions report re-run your application with 'debug' enabled.
2020-05-11 17:31:00.344 [main] INFO  com.liv.App - Starting App on LW with PID 19368 (E:\workspace\wg\LivWebBase\mm-webDesktop\target\classes started by LW in E:\workspace\wg\LivWebBase)
2020-05-11 17:31:00.348 [main] INFO  com.liv.App - The following profiles are active: dev
2020-05-11 17:31:02.269 [main] INFO  o.s.d.r.config.RepositoryConfigurationDelegate - Multiple Spring Data modules found, entering strict repository configuration mode!
2020-05-11 17:31:02.284 [main] INFO  o.s.d.r.config.RepositoryConfigurationDelegate - Bootstrapping Spring Data Redis repositories in DEFAULT mode.
2020-05-11 17:31:02.348 [main] INFO  o.s.d.r.config.RepositoryConfigurationDelegate - Finished Spring Data repository scanning in 35ms. Found 0 Redis repository interfaces.
2020-05-11 17:31:02.920 [main] INFO  o.s.c.s.PostProcessorRegistrationDelegate$BeanPostProcessorChecker - Bean 'validateConfig' of type [ValidateConfig$$EnhancerBySpringCGLIB$$6474867c] is not eligible for getting processed by all BeanPostProcessors (for example: not eligible for auto-proxying)
2020-05-11 17:31:02.955 [main] INFO  o.s.c.s.PostProcessorRegistrationDelegate$BeanPostProcessorChecker - Bean 'validator' of type [org.hibernate.validator.internal.engine.ValidatorImpl] is not eligible for getting processed by all BeanPostProcessors (for example: not eligible for auto-proxying)
2020-05-11 17:31:04.537 [main] INFO  o.s.boot.web.embedded.tomcat.TomcatWebServer - Tomcat initialized with port(s): 80 (http)
2020-05-11 17:31:04.551 [main] INFO  org.apache.coyote.http11.Http11NioProtocol - Initializing ProtocolHandler ["http-nio-80"]
2020-05-11 17:31:04.552 [main] INFO  org.apache.catalina.core.StandardService - Starting service [Tomcat]
2020-05-11 17:31:04.552 [main] INFO  org.apache.catalina.core.StandardEngine - Starting Servlet engine: [Apache Tomcat/9.0.31]
2020-05-11 17:31:04.704 [main] INFO  o.a.c.c.C.[Tomcat].[localhost].[/mmdesk] - Initializing Spring embedded WebApplicationContext
2020-05-11 17:31:04.704 [main] INFO  org.springframework.web.context.ContextLoader - Root WebApplicationContext: initialization completed in 4232 ms
2020-05-11 17:31:08.063 [main] INFO  s.d.s.w.PropertySourcedRequestMappingHandlerMapping - Mapped URL path [/v2/api-docs] onto method [springfox.documentation.swagger2.web.Swagger2Controller#getDocumentation(String, HttpServletRequest)]
2020-05-11 17:31:08.962 [main] INFO  org.quartz.impl.StdSchedulerFactory - Using default implementation for ThreadExecutor
2020-05-11 17:31:08.984 [main] INFO  org.quartz.core.SchedulerSignalerImpl - Initialized Scheduler Signaller of type: class org.quartz.core.SchedulerSignalerImpl
2020-05-11 17:31:08.984 [main] INFO  org.quartz.core.QuartzScheduler - Quartz Scheduler v.2.3.2 created.
2020-05-11 17:31:08.985 [main] INFO  org.quartz.simpl.RAMJobStore - RAMJobStore initialized.
2020-05-11 17:31:08.986 [main] INFO  org.quartz.core.QuartzScheduler - Scheduler meta-data: Quartz Scheduler (v2.3.2) 'quartzScheduler' with instanceId 'NON_CLUSTERED'
  Scheduler class: 'org.quartz.core.QuartzScheduler' - running locally.
  NOT STARTED.
  Currently in standby mode.
  Number of jobs executed: 0
  Using thread pool 'org.quartz.simpl.SimpleThreadPool' - with 10 threads.
  Using job-store 'org.quartz.simpl.RAMJobStore' - which does not support persistence. and is not clustered.

2020-05-11 17:31:08.987 [main] INFO  org.quartz.impl.StdSchedulerFactory - Quartz scheduler 'quartzScheduler' initialized from an externally provided properties instance.
2020-05-11 17:31:08.987 [main] INFO  org.quartz.impl.StdSchedulerFactory - Quartz scheduler version: 2.3.2
2020-05-11 17:31:08.987 [main] INFO  org.quartz.core.QuartzScheduler - JobFactory set to: org.springframework.scheduling.quartz.SpringBeanJobFactory@7114e780
2020-05-11 17:31:09.059 [main] INFO  s.d.s.web.plugins.DocumentationPluginsBootstrapper - Context refreshed
2020-05-11 17:31:09.109 [main] INFO  s.d.s.web.plugins.DocumentationPluginsBootstrapper - Found 1 custom documentation plugin(s)
2020-05-11 17:31:09.138 [main] INFO  s.d.spring.web.scanners.ApiListingReferenceScanner - Scanning for api listing references
2020-05-11 17:31:09.577 [main] INFO  s.d.s.w.r.operation.CachingOperationNameGenerator - Generating unique operation named: deleteUsingDELETE_1
2020-05-11 17:31:09.586 [main] INFO  s.d.s.w.r.operation.CachingOperationNameGenerator - Generating unique operation named: saveUsingPOST_1
2020-05-11 17:31:09.591 [main] INFO  s.d.s.w.r.operation.CachingOperationNameGenerator - Generating unique operation named: updateUsingPUT_1
2020-05-11 17:31:09.604 [main] INFO  s.d.s.w.r.operation.CachingOperationNameGenerator - Generating unique operation named: saveUsingPOST_2
2020-05-11 17:31:09.606 [main] INFO  s.d.s.w.r.operation.CachingOperationNameGenerator - Generating unique operation named: updateUsingPUT_2
2020-05-11 17:31:09.614 [main] INFO  s.d.s.w.r.operation.CachingOperationNameGenerator - Generating unique operation named: listUsingGET_1
2020-05-11 17:31:09.627 [main] INFO  o.s.scheduling.quartz.SchedulerFactoryBean - Starting Quartz Scheduler now
2020-05-11 17:31:09.627 [main] INFO  org.quartz.core.QuartzScheduler - Scheduler quartzScheduler_$_NON_CLUSTERED started.
2020-05-11 17:31:09.638 [main] INFO  org.apache.coyote.http11.Http11NioProtocol - Starting ProtocolHandler ["http-nio-80"]
2020-05-11 17:31:09.708 [main] INFO  o.s.boot.web.embedded.tomcat.TomcatWebServer - Tomcat started on port(s): 80 (http) with context path '/mmdesk'
2020-05-11 17:31:09.712 [main] INFO  com.liv.App - Started App in 10.049 seconds (JVM running for 10.671)
2020-05-11 17:31:56.197 [http-nio-80-exec-3] INFO  o.a.c.c.C.[Tomcat].[localhost].[/mmdesk] - Initializing Spring DispatcherServlet 'dispatcherServlet'
2020-05-11 17:31:56.198 [http-nio-80-exec-3] INFO  org.springframework.web.servlet.DispatcherServlet - Initializing Servlet 'dispatcherServlet'
2020-05-11 17:31:56.228 [http-nio-80-exec-3] INFO  org.springframework.web.servlet.DispatcherServlet - Completed initialization in 29 ms
2020-05-11 17:32:08.530 [http-nio-80-exec-3] INFO  com.alibaba.druid.pool.DruidDataSource - {dataSource-1} inited
