2020-04-15 16:51:57.152 [main] INFO  App - Starting App on LW with PID 20880 (E:\workspace\wg\LivWebBase\mm-webDesktop\target\classes started by LW in E:\workspace\wg\LivWebBase)
2020-04-15 16:51:57.155 [main] INFO  App - The following profiles are active: dev
2020-04-15 16:53:36.239 [main] INFO  App - Starting App on LW with PID 2164 (E:\workspace\wg\LivWebBase\mm-webDesktop\target\classes started by LW in E:\workspace\wg\LivWebBase)
2020-04-15 16:53:36.245 [main] INFO  App - The following profiles are active: dev
2020-04-15 16:58:12.214 [main] INFO  App - Starting App on LW with PID 9800 (E:\workspace\wg\LivWebBase\mm-webDesktop\target\classes started by LW in E:\workspace\wg\LivWebBase)
2020-04-15 16:58:12.217 [main] INFO  App - The following profiles are active: dev
2020-04-15 16:58:16.263 [main] INFO  o.s.boot.web.embedded.tomcat.TomcatWebServer - Tomcat initialized with port(s): 80 (http)
2020-04-15 16:58:16.275 [main] INFO  org.apache.coyote.http11.Http11NioProtocol - Initializing ProtocolHandler ["http-nio-80"]
2020-04-15 16:58:16.276 [main] INFO  org.apache.catalina.core.StandardService - Starting service [Tomcat]
2020-04-15 16:58:16.276 [main] INFO  org.apache.catalina.core.StandardEngine - Starting Servlet engine: [Apache Tomcat/9.0.31]
2020-04-15 16:58:16.379 [main] INFO  o.a.c.c.C.[Tomcat].[localhost].[/mmdesk] - Initializing Spring embedded WebApplicationContext
2020-04-15 16:58:16.380 [main] INFO  org.springframework.web.context.ContextLoader - Root WebApplicationContext: initialization completed in 4074 ms
2020-04-15 16:58:17.575 [main] INFO  s.d.s.web.plugins.DocumentationPluginsBootstrapper - Context refreshed
2020-04-15 16:58:17.607 [main] INFO  s.d.s.web.plugins.DocumentationPluginsBootstrapper - Found 1 custom documentation plugin(s)
2020-04-15 16:58:17.624 [main] INFO  com.alibaba.druid.pool.DruidDataSource - {dataSource-0} closing ...
2020-04-15 16:58:17.628 [main] INFO  org.apache.catalina.core.StandardService - Stopping service [Tomcat]
2020-04-15 16:58:17.702 [main] INFO  o.s.b.a.l.ConditionEvaluationReportLoggingListener - 

Error starting ApplicationContext. To display the conditions report re-run your application with 'debug' enabled.
2020-04-15 17:01:59.128 [main] INFO  App - Starting App on LW with PID 19632 (E:\workspace\wg\LivWebBase\mm-webDesktop\target\classes started by LW in E:\workspace\wg\LivWebBase)
2020-04-15 17:01:59.132 [main] INFO  App - The following profiles are active: dev
2020-04-15 17:02:03.098 [main] INFO  o.s.boot.web.embedded.tomcat.TomcatWebServer - Tomcat initialized with port(s): 80 (http)
2020-04-15 17:02:03.109 [main] INFO  org.apache.coyote.http11.Http11NioProtocol - Initializing ProtocolHandler ["http-nio-80"]
2020-04-15 17:02:03.110 [main] INFO  org.apache.catalina.core.StandardService - Starting service [Tomcat]
2020-04-15 17:02:03.110 [main] INFO  org.apache.catalina.core.StandardEngine - Starting Servlet engine: [Apache Tomcat/9.0.31]
2020-04-15 17:02:03.209 [main] INFO  o.a.c.c.C.[Tomcat].[localhost].[/mmdesk] - Initializing Spring embedded WebApplicationContext
2020-04-15 17:02:03.210 [main] INFO  org.springframework.web.context.ContextLoader - Root WebApplicationContext: initialization completed in 4010 ms
2020-04-15 17:02:04.404 [main] INFO  s.d.s.web.plugins.DocumentationPluginsBootstrapper - Context refreshed
2020-04-15 17:02:04.434 [main] INFO  s.d.s.web.plugins.DocumentationPluginsBootstrapper - Found 1 custom documentation plugin(s)
2020-04-15 17:02:04.452 [main] INFO  com.alibaba.druid.pool.DruidDataSource - {dataSource-0} closing ...
2020-04-15 17:02:04.456 [main] INFO  org.apache.catalina.core.StandardService - Stopping service [Tomcat]
2020-04-15 17:02:04.530 [main] INFO  o.s.b.a.l.ConditionEvaluationReportLoggingListener - 

Error starting ApplicationContext. To display the conditions report re-run your application with 'debug' enabled.
2020-04-15 17:04:01.744 [main] INFO  App - Starting App on LW with PID 23680 (E:\workspace\wg\LivWebBase\mm-webDesktop\target\classes started by LW in E:\workspace\wg\LivWebBase)
2020-04-15 17:04:01.750 [main] INFO  App - The following profiles are active: dev
2020-04-15 17:04:14.489 [main] INFO  App - Starting App on LW with PID 24912 (E:\workspace\wg\LivWebBase\mm-webDesktop\target\classes started by LW in E:\workspace\wg\LivWebBase)
2020-04-15 17:04:14.493 [main] INFO  App - The following profiles are active: dev
2020-04-15 17:04:18.496 [main] INFO  o.s.boot.web.embedded.tomcat.TomcatWebServer - Tomcat initialized with port(s): 80 (http)
2020-04-15 17:04:18.507 [main] INFO  org.apache.coyote.http11.Http11NioProtocol - Initializing ProtocolHandler ["http-nio-80"]
2020-04-15 17:04:18.508 [main] INFO  org.apache.catalina.core.StandardService - Starting service [Tomcat]
2020-04-15 17:04:18.509 [main] INFO  org.apache.catalina.core.StandardEngine - Starting Servlet engine: [Apache Tomcat/9.0.31]
2020-04-15 17:04:18.623 [main] INFO  o.a.c.c.C.[Tomcat].[localhost].[/mmdesk] - Initializing Spring embedded WebApplicationContext
2020-04-15 17:04:18.623 [main] INFO  org.springframework.web.context.ContextLoader - Root WebApplicationContext: initialization completed in 4040 ms
2020-04-15 17:04:19.875 [main] INFO  s.d.s.web.plugins.DocumentationPluginsBootstrapper - Context refreshed
2020-04-15 17:04:19.901 [main] INFO  s.d.s.web.plugins.DocumentationPluginsBootstrapper - Found 1 custom documentation plugin(s)
2020-04-15 17:04:19.916 [main] INFO  s.d.spring.web.scanners.ApiListingReferenceScanner - Scanning for api listing references
2020-04-15 17:04:20.135 [main] INFO  org.apache.coyote.http11.Http11NioProtocol - Starting ProtocolHandler ["http-nio-80"]
2020-04-15 17:04:20.174 [main] INFO  o.s.boot.web.embedded.tomcat.TomcatWebServer - Tomcat started on port(s): 80 (http) with context path '/mmdesk'
2020-04-15 17:04:20.178 [main] INFO  App - Started App in 6.39 seconds (JVM running for 6.92)
2020-04-15 17:04:49.098 [http-nio-80-exec-2] INFO  o.a.c.c.C.[Tomcat].[localhost].[/mmdesk] - Initializing Spring DispatcherServlet 'dispatcherServlet'
2020-04-15 17:04:49.099 [http-nio-80-exec-2] INFO  org.springframework.web.servlet.DispatcherServlet - Initializing Servlet 'dispatcherServlet'
2020-04-15 17:04:49.105 [http-nio-80-exec-2] INFO  org.springframework.web.servlet.DispatcherServlet - Completed initialization in 6 ms
2020-04-15 17:04:55.202 [http-nio-80-exec-5] INFO  com.alibaba.druid.pool.DruidDataSource - {dataSource-1} inited
2020-04-15 17:09:38.668 [main] INFO  App - Starting App on LW with PID 21316 (E:\workspace\wg\LivWebBase\mm-webDesktop\target\classes started by LW in E:\workspace\wg\LivWebBase)
2020-04-15 17:09:38.673 [main] INFO  App - The following profiles are active: dev
2020-04-15 17:09:42.773 [main] INFO  o.s.boot.web.embedded.tomcat.TomcatWebServer - Tomcat initialized with port(s): 80 (http)
2020-04-15 17:09:42.791 [main] INFO  org.apache.coyote.http11.Http11NioProtocol - Initializing ProtocolHandler ["http-nio-80"]
2020-04-15 17:09:42.793 [main] INFO  org.apache.catalina.core.StandardService - Starting service [Tomcat]
2020-04-15 17:09:42.794 [main] INFO  org.apache.catalina.core.StandardEngine - Starting Servlet engine: [Apache Tomcat/9.0.31]
2020-04-15 17:09:42.901 [main] INFO  o.a.c.c.C.[Tomcat].[localhost].[/mmdesk] - Initializing Spring embedded WebApplicationContext
2020-04-15 17:09:42.902 [main] INFO  org.springframework.web.context.ContextLoader - Root WebApplicationContext: initialization completed in 4160 ms
2020-04-15 17:09:44.014 [main] INFO  s.d.s.w.PropertySourcedRequestMappingHandlerMapping - Mapped URL path [/v2/api-docs] onto method [springfox.documentation.swagger2.web.Swagger2Controller#getDocumentation(String, HttpServletRequest)]
2020-04-15 17:09:44.174 [main] INFO  s.d.s.web.plugins.DocumentationPluginsBootstrapper - Context refreshed
2020-04-15 17:09:44.211 [main] INFO  s.d.s.web.plugins.DocumentationPluginsBootstrapper - Found 1 custom documentation plugin(s)
2020-04-15 17:09:44.268 [main] INFO  s.d.spring.web.scanners.ApiListingReferenceScanner - Scanning for api listing references
2020-04-15 17:09:44.460 [main] INFO  org.apache.coyote.http11.Http11NioProtocol - Starting ProtocolHandler ["http-nio-80"]
2020-04-15 17:09:44.492 [main] INFO  o.s.boot.web.embedded.tomcat.TomcatWebServer - Tomcat started on port(s): 80 (http) with context path '/mmdesk'
2020-04-15 17:09:44.495 [main] INFO  App - Started App in 6.56 seconds (JVM running for 7.073)
2020-04-15 17:10:15.962 [http-nio-80-exec-1] INFO  o.a.c.c.C.[Tomcat].[localhost].[/mmdesk] - Initializing Spring DispatcherServlet 'dispatcherServlet'
2020-04-15 17:10:15.962 [http-nio-80-exec-1] INFO  org.springframework.web.servlet.DispatcherServlet - Initializing Servlet 'dispatcherServlet'
2020-04-15 17:10:15.971 [http-nio-80-exec-1] INFO  org.springframework.web.servlet.DispatcherServlet - Completed initialization in 8 ms
2020-04-15 17:16:49.282 [main] INFO  App - Starting App on LW with PID 16524 (E:\workspace\wg\LivWebBase\mm-webDesktop\target\classes started by LW in E:\workspace\wg\LivWebBase)
2020-04-15 17:16:49.286 [main] INFO  App - The following profiles are active: dev
2020-04-15 17:16:53.436 [main] INFO  o.s.boot.web.embedded.tomcat.TomcatWebServer - Tomcat initialized with port(s): 80 (http)
2020-04-15 17:16:53.450 [main] INFO  org.apache.coyote.http11.Http11NioProtocol - Initializing ProtocolHandler ["http-nio-80"]
2020-04-15 17:16:53.451 [main] INFO  org.apache.catalina.core.StandardService - Starting service [Tomcat]
2020-04-15 17:16:53.452 [main] INFO  org.apache.catalina.core.StandardEngine - Starting Servlet engine: [Apache Tomcat/9.0.31]
2020-04-15 17:16:53.554 [main] INFO  o.a.c.c.C.[Tomcat].[localhost].[/mmdesk] - Initializing Spring embedded WebApplicationContext
2020-04-15 17:16:53.554 [main] INFO  org.springframework.web.context.ContextLoader - Root WebApplicationContext: initialization completed in 4197 ms
2020-04-15 17:16:54.686 [main] INFO  s.d.s.w.PropertySourcedRequestMappingHandlerMapping - Mapped URL path [/v2/api-docs] onto method [springfox.documentation.swagger2.web.Swagger2Controller#getDocumentation(String, HttpServletRequest)]
2020-04-15 17:16:54.843 [main] INFO  s.d.s.web.plugins.DocumentationPluginsBootstrapper - Context refreshed
2020-04-15 17:16:54.873 [main] INFO  s.d.s.web.plugins.DocumentationPluginsBootstrapper - Found 1 custom documentation plugin(s)
2020-04-15 17:16:54.921 [main] INFO  s.d.spring.web.scanners.ApiListingReferenceScanner - Scanning for api listing references
2020-04-15 17:16:55.124 [main] INFO  org.apache.coyote.http11.Http11NioProtocol - Starting ProtocolHandler ["http-nio-80"]
2020-04-15 17:16:55.151 [main] INFO  o.s.boot.web.embedded.tomcat.TomcatWebServer - Tomcat started on port(s): 80 (http) with context path '/mmdesk'
2020-04-15 17:16:55.154 [main] INFO  App - Started App in 6.619 seconds (JVM running for 7.137)
2020-04-15 17:17:03.977 [http-nio-80-exec-1] INFO  o.a.c.c.C.[Tomcat].[localhost].[/mmdesk] - Initializing Spring DispatcherServlet 'dispatcherServlet'
2020-04-15 17:17:03.978 [http-nio-80-exec-1] INFO  org.springframework.web.servlet.DispatcherServlet - Initializing Servlet 'dispatcherServlet'
2020-04-15 17:17:03.986 [http-nio-80-exec-1] INFO  org.springframework.web.servlet.DispatcherServlet - Completed initialization in 8 ms
2020-04-15 17:17:41.349 [http-nio-80-exec-2] INFO  com.alibaba.druid.pool.DruidDataSource - {dataSource-1} inited
2020-04-15 17:22:25.846 [main] INFO  App - Starting App on LW with PID 8024 (E:\workspace\wg\LivWebBase\mm-webDesktop\target\classes started by LW in E:\workspace\wg\LivWebBase)
2020-04-15 17:22:25.887 [main] INFO  App - The following profiles are active: dev
2020-04-15 17:22:30.342 [main] INFO  o.s.boot.web.embedded.tomcat.TomcatWebServer - Tomcat initialized with port(s): 80 (http)
2020-04-15 17:22:30.355 [main] INFO  org.apache.coyote.http11.Http11NioProtocol - Initializing ProtocolHandler ["http-nio-80"]
2020-04-15 17:22:30.357 [main] INFO  org.apache.catalina.core.StandardService - Starting service [Tomcat]
2020-04-15 17:22:30.358 [main] INFO  org.apache.catalina.core.StandardEngine - Starting Servlet engine: [Apache Tomcat/9.0.31]
2020-04-15 17:22:30.469 [main] INFO  o.a.c.c.C.[Tomcat].[localhost].[/mmdesk] - Initializing Spring embedded WebApplicationContext
2020-04-15 17:22:30.469 [main] INFO  org.springframework.web.context.ContextLoader - Root WebApplicationContext: initialization completed in 4503 ms
2020-04-15 17:22:31.730 [main] INFO  s.d.s.w.PropertySourcedRequestMappingHandlerMapping - Mapped URL path [/v2/api-docs] onto method [springfox.documentation.swagger2.web.Swagger2Controller#getDocumentation(String, HttpServletRequest)]
2020-04-15 17:22:31.908 [main] INFO  s.d.s.web.plugins.DocumentationPluginsBootstrapper - Context refreshed
2020-04-15 17:22:31.949 [main] INFO  s.d.s.web.plugins.DocumentationPluginsBootstrapper - Found 1 custom documentation plugin(s)
2020-04-15 17:22:32.000 [main] INFO  s.d.spring.web.scanners.ApiListingReferenceScanner - Scanning for api listing references
2020-04-15 17:22:32.225 [main] INFO  org.apache.coyote.http11.Http11NioProtocol - Starting ProtocolHandler ["http-nio-80"]
2020-04-15 17:22:32.265 [main] INFO  o.s.boot.web.embedded.tomcat.TomcatWebServer - Tomcat started on port(s): 80 (http) with context path '/mmdesk'
2020-04-15 17:22:32.268 [main] INFO  App - Started App in 7.114 seconds (JVM running for 7.687)
2020-04-15 17:22:40.822 [http-nio-80-exec-1] INFO  o.a.c.c.C.[Tomcat].[localhost].[/mmdesk] - Initializing Spring DispatcherServlet 'dispatcherServlet'
2020-04-15 17:22:40.823 [http-nio-80-exec-1] INFO  org.springframework.web.servlet.DispatcherServlet - Initializing Servlet 'dispatcherServlet'
2020-04-15 17:22:40.832 [http-nio-80-exec-1] INFO  org.springframework.web.servlet.DispatcherServlet - Completed initialization in 9 ms
2020-04-15 17:23:10.697 [http-nio-80-exec-3] INFO  com.alibaba.druid.pool.DruidDataSource - {dataSource-1} inited
2020-04-15 17:50:05.877 [main] INFO  App - Starting App on LW with PID 25232 (E:\workspace\wg\LivWebBase\mm-webDesktop\target\classes started by LW in E:\workspace\wg\LivWebBase)
2020-04-15 17:50:05.883 [main] INFO  App - The following profiles are active: dev
2020-04-15 17:50:09.848 [main] INFO  o.s.boot.web.embedded.tomcat.TomcatWebServer - Tomcat initialized with port(s): 80 (http)
2020-04-15 17:50:09.860 [main] INFO  org.apache.coyote.http11.Http11NioProtocol - Initializing ProtocolHandler ["http-nio-80"]
2020-04-15 17:50:09.861 [main] INFO  org.apache.catalina.core.StandardService - Starting service [Tomcat]
2020-04-15 17:50:09.861 [main] INFO  org.apache.catalina.core.StandardEngine - Starting Servlet engine: [Apache Tomcat/9.0.31]
2020-04-15 17:50:09.956 [main] INFO  o.a.c.c.C.[Tomcat].[localhost].[/mmdesk] - Initializing Spring embedded WebApplicationContext
2020-04-15 17:50:09.956 [main] INFO  org.springframework.web.context.ContextLoader - Root WebApplicationContext: initialization completed in 4006 ms
2020-04-15 17:50:11.064 [main] INFO  s.d.s.w.PropertySourcedRequestMappingHandlerMapping - Mapped URL path [/v2/api-docs] onto method [springfox.documentation.swagger2.web.Swagger2Controller#getDocumentation(String, HttpServletRequest)]
2020-04-15 17:50:11.224 [main] INFO  s.d.s.web.plugins.DocumentationPluginsBootstrapper - Context refreshed
2020-04-15 17:50:11.258 [main] INFO  s.d.s.web.plugins.DocumentationPluginsBootstrapper - Found 1 custom documentation plugin(s)
2020-04-15 17:50:11.302 [main] INFO  s.d.spring.web.scanners.ApiListingReferenceScanner - Scanning for api listing references
2020-04-15 17:50:11.491 [main] INFO  org.apache.coyote.http11.Http11NioProtocol - Starting ProtocolHandler ["http-nio-80"]
2020-04-15 17:50:11.525 [main] INFO  o.s.boot.web.embedded.tomcat.TomcatWebServer - Tomcat started on port(s): 80 (http) with context path '/mmdesk'
2020-04-15 17:50:11.528 [main] INFO  App - Started App in 6.326 seconds (JVM running for 6.799)
2020-04-15 17:50:22.455 [http-nio-80-exec-1] INFO  o.a.c.c.C.[Tomcat].[localhost].[/mmdesk] - Initializing Spring DispatcherServlet 'dispatcherServlet'
2020-04-15 17:50:22.456 [http-nio-80-exec-1] INFO  org.springframework.web.servlet.DispatcherServlet - Initializing Servlet 'dispatcherServlet'
2020-04-15 17:50:22.463 [http-nio-80-exec-1] INFO  org.springframework.web.servlet.DispatcherServlet - Completed initialization in 7 ms
2020-04-15 17:57:22.861 [main] INFO  App - Starting App on LW with PID 15912 (E:\workspace\wg\LivWebBase\mm-webDesktop\target\classes started by LW in E:\workspace\wg\LivWebBase)
2020-04-15 17:57:22.865 [main] INFO  App - The following profiles are active: dev
2020-04-15 17:57:27.180 [main] INFO  o.s.boot.web.embedded.tomcat.TomcatWebServer - Tomcat initialized with port(s): 80 (http)
2020-04-15 17:57:27.191 [main] INFO  org.apache.coyote.http11.Http11NioProtocol - Initializing ProtocolHandler ["http-nio-80"]
2020-04-15 17:57:27.193 [main] INFO  org.apache.catalina.core.StandardService - Starting service [Tomcat]
2020-04-15 17:57:27.193 [main] INFO  org.apache.catalina.core.StandardEngine - Starting Servlet engine: [Apache Tomcat/9.0.31]
2020-04-15 17:57:27.301 [main] INFO  o.a.c.c.C.[Tomcat].[localhost].[/mmdesk] - Initializing Spring embedded WebApplicationContext
2020-04-15 17:57:27.302 [main] INFO  org.springframework.web.context.ContextLoader - Root WebApplicationContext: initialization completed in 4328 ms
2020-04-15 17:57:28.418 [main] INFO  s.d.s.w.PropertySourcedRequestMappingHandlerMapping - Mapped URL path [/v2/api-docs] onto method [springfox.documentation.swagger2.web.Swagger2Controller#getDocumentation(String, HttpServletRequest)]
2020-04-15 17:57:28.585 [main] INFO  s.d.s.web.plugins.DocumentationPluginsBootstrapper - Context refreshed
2020-04-15 17:57:28.613 [main] INFO  s.d.s.web.plugins.DocumentationPluginsBootstrapper - Found 1 custom documentation plugin(s)
2020-04-15 17:57:28.653 [main] INFO  s.d.spring.web.scanners.ApiListingReferenceScanner - Scanning for api listing references
2020-04-15 17:57:28.904 [main] INFO  org.apache.coyote.http11.Http11NioProtocol - Starting ProtocolHandler ["http-nio-80"]
2020-04-15 17:57:29.005 [main] INFO  o.s.boot.web.embedded.tomcat.TomcatWebServer - Tomcat started on port(s): 80 (http) with context path '/mmdesk'
2020-04-15 17:57:29.012 [main] INFO  App - Started App in 6.773 seconds (JVM running for 7.268)
2020-04-15 17:58:02.140 [main] INFO  App - Starting App on LW with PID 25800 (E:\workspace\wg\LivWebBase\mm-webDesktop\target\classes started by LW in E:\workspace\wg\LivWebBase)
2020-04-15 17:58:02.177 [main] INFO  App - The following profiles are active: dev
2020-04-15 17:58:06.171 [main] INFO  o.s.boot.web.embedded.tomcat.TomcatWebServer - Tomcat initialized with port(s): 80 (http)
2020-04-15 17:58:06.182 [main] INFO  org.apache.coyote.http11.Http11NioProtocol - Initializing ProtocolHandler ["http-nio-80"]
2020-04-15 17:58:06.183 [main] INFO  org.apache.catalina.core.StandardService - Starting service [Tomcat]
2020-04-15 17:58:06.183 [main] INFO  org.apache.catalina.core.StandardEngine - Starting Servlet engine: [Apache Tomcat/9.0.31]
2020-04-15 17:58:06.281 [main] INFO  o.a.c.c.C.[Tomcat].[localhost].[/mmdesk] - Initializing Spring embedded WebApplicationContext
2020-04-15 17:58:06.281 [main] INFO  org.springframework.web.context.ContextLoader - Root WebApplicationContext: initialization completed in 4045 ms
2020-04-15 17:58:07.459 [main] INFO  s.d.s.w.PropertySourcedRequestMappingHandlerMapping - Mapped URL path [/v2/api-docs] onto method [springfox.documentation.swagger2.web.Swagger2Controller#getDocumentation(String, HttpServletRequest)]
2020-04-15 17:58:07.617 [main] INFO  s.d.s.web.plugins.DocumentationPluginsBootstrapper - Context refreshed
2020-04-15 17:58:07.651 [main] INFO  s.d.s.web.plugins.DocumentationPluginsBootstrapper - Found 1 custom documentation plugin(s)
2020-04-15 17:58:07.697 [main] INFO  s.d.spring.web.scanners.ApiListingReferenceScanner - Scanning for api listing references
2020-04-15 17:58:07.905 [main] INFO  org.apache.coyote.http11.Http11NioProtocol - Starting ProtocolHandler ["http-nio-80"]
2020-04-15 17:58:07.939 [main] INFO  o.s.boot.web.embedded.tomcat.TomcatWebServer - Tomcat started on port(s): 80 (http) with context path '/mmdesk'
2020-04-15 17:58:07.943 [main] INFO  App - Started App in 6.412 seconds (JVM running for 6.904)
2020-04-15 17:58:21.195 [http-nio-80-exec-1] INFO  o.a.c.c.C.[Tomcat].[localhost].[/mmdesk] - Initializing Spring DispatcherServlet 'dispatcherServlet'
2020-04-15 17:58:21.195 [http-nio-80-exec-1] INFO  org.springframework.web.servlet.DispatcherServlet - Initializing Servlet 'dispatcherServlet'
2020-04-15 17:58:21.206 [http-nio-80-exec-1] INFO  org.springframework.web.servlet.DispatcherServlet - Completed initialization in 11 ms
2020-04-15 17:58:30.617 [http-nio-80-exec-9] INFO  com.alibaba.druid.pool.DruidDataSource - {dataSource-1} inited
2020-04-15 18:00:15.229 [main] INFO  App - Starting App on LW with PID 26436 (E:\workspace\wg\LivWebBase\mm-webDesktop\target\classes started by LW in E:\workspace\wg\LivWebBase)
2020-04-15 18:00:15.232 [main] INFO  App - The following profiles are active: dev
2020-04-15 18:00:19.358 [main] INFO  o.s.boot.web.embedded.tomcat.TomcatWebServer - Tomcat initialized with port(s): 80 (http)
2020-04-15 18:00:19.370 [main] INFO  org.apache.coyote.http11.Http11NioProtocol - Initializing ProtocolHandler ["http-nio-80"]
2020-04-15 18:00:19.370 [main] INFO  org.apache.catalina.core.StandardService - Starting service [Tomcat]
2020-04-15 18:00:19.371 [main] INFO  org.apache.catalina.core.StandardEngine - Starting Servlet engine: [Apache Tomcat/9.0.31]
2020-04-15 18:00:19.489 [main] INFO  o.a.c.c.C.[Tomcat].[localhost].[/mmdesk] - Initializing Spring embedded WebApplicationContext
2020-04-15 18:00:19.489 [main] INFO  org.springframework.web.context.ContextLoader - Root WebApplicationContext: initialization completed in 4194 ms
2020-04-15 18:00:20.625 [main] INFO  s.d.s.w.PropertySourcedRequestMappingHandlerMapping - Mapped URL path [/v2/api-docs] onto method [springfox.documentation.swagger2.web.Swagger2Controller#getDocumentation(String, HttpServletRequest)]
2020-04-15 18:00:20.780 [main] INFO  s.d.s.web.plugins.DocumentationPluginsBootstrapper - Context refreshed
2020-04-15 18:00:20.812 [main] INFO  s.d.s.web.plugins.DocumentationPluginsBootstrapper - Found 1 custom documentation plugin(s)
2020-04-15 18:00:20.861 [main] INFO  s.d.spring.web.scanners.ApiListingReferenceScanner - Scanning for api listing references
2020-04-15 18:00:21.094 [main] INFO  org.apache.coyote.http11.Http11NioProtocol - Starting ProtocolHandler ["http-nio-80"]
2020-04-15 18:00:21.138 [main] INFO  o.s.boot.web.embedded.tomcat.TomcatWebServer - Tomcat started on port(s): 80 (http) with context path '/mmdesk'
2020-04-15 18:00:21.143 [main] INFO  App - Started App in 6.553 seconds (JVM running for 7.023)
2020-04-15 18:00:31.825 [main] INFO  App - Starting App on LW with PID 18988 (E:\workspace\wg\LivWebBase\mm-webDesktop\target\classes started by LW in E:\workspace\wg\LivWebBase)
2020-04-15 18:00:31.828 [main] INFO  App - The following profiles are active: dev
2020-04-15 18:00:36.025 [main] INFO  o.s.boot.web.embedded.tomcat.TomcatWebServer - Tomcat initialized with port(s): 80 (http)
2020-04-15 18:00:36.037 [main] INFO  org.apache.coyote.http11.Http11NioProtocol - Initializing ProtocolHandler ["http-nio-80"]
2020-04-15 18:00:36.038 [main] INFO  org.apache.catalina.core.StandardService - Starting service [Tomcat]
2020-04-15 18:00:36.038 [main] INFO  org.apache.catalina.core.StandardEngine - Starting Servlet engine: [Apache Tomcat/9.0.31]
2020-04-15 18:00:36.135 [main] INFO  o.a.c.c.C.[Tomcat].[localhost].[/mmdesk] - Initializing Spring embedded WebApplicationContext
2020-04-15 18:00:36.136 [main] INFO  org.springframework.web.context.ContextLoader - Root WebApplicationContext: initialization completed in 4201 ms
2020-04-15 18:00:37.193 [main] INFO  s.d.s.w.PropertySourcedRequestMappingHandlerMapping - Mapped URL path [/v2/api-docs] onto method [springfox.documentation.swagger2.web.Swagger2Controller#getDocumentation(String, HttpServletRequest)]
2020-04-15 18:00:37.398 [main] INFO  s.d.s.web.plugins.DocumentationPluginsBootstrapper - Context refreshed
2020-04-15 18:00:37.427 [main] INFO  s.d.s.web.plugins.DocumentationPluginsBootstrapper - Found 1 custom documentation plugin(s)
2020-04-15 18:00:37.478 [main] INFO  s.d.spring.web.scanners.ApiListingReferenceScanner - Scanning for api listing references
2020-04-15 18:00:37.689 [main] INFO  org.apache.coyote.http11.Http11NioProtocol - Starting ProtocolHandler ["http-nio-80"]
2020-04-15 18:00:37.723 [main] INFO  o.s.boot.web.embedded.tomcat.TomcatWebServer - Tomcat started on port(s): 80 (http) with context path '/mmdesk'
2020-04-15 18:00:37.727 [main] INFO  App - Started App in 6.521 seconds (JVM running for 7.077)
2020-04-15 18:00:42.035 [http-nio-80-exec-1] INFO  o.a.c.c.C.[Tomcat].[localhost].[/mmdesk] - Initializing Spring DispatcherServlet 'dispatcherServlet'
2020-04-15 18:00:42.036 [http-nio-80-exec-1] INFO  org.springframework.web.servlet.DispatcherServlet - Initializing Servlet 'dispatcherServlet'
2020-04-15 18:00:42.048 [http-nio-80-exec-1] INFO  org.springframework.web.servlet.DispatcherServlet - Completed initialization in 12 ms
2020-04-15 18:01:02.148 [http-nio-80-exec-9] INFO  com.alibaba.druid.pool.DruidDataSource - {dataSource-1} inited
