2020-05-15 10:30:35.282 [main] DEBUG com.liv.App - Running with Spring Boot v2.2.5.RELEASE, Spring v5.2.4.RELEASE
2020-05-15 10:47:28.252 [main] DEBUG com.liv.App - Running with Spring Boot v2.2.5.RELEASE, Spring v5.2.4.RELEASE
2020-05-15 10:47:36.322 [main] DEBUG com.liv.App - Running with Spring Boot v2.2.5.RELEASE, Spring v5.2.4.RELEASE
2020-05-15 10:48:18.831 [http-nio-80-exec-7] DEBUG com.liv.dao.UserMapper.selectList - ==>  Preparing: SELECT user_id,user_name,org_id,alias,mobile,email,gender,degree,birthday,photo,create_date,password,salt,locked,locktime FROM auth.user WHERE (user_name = ?) 
2020-05-15 10:48:18.859 [http-nio-80-exec-7] DEBUG com.liv.dao.UserMapper.selectList - ==> Parameters: aa(String)
2020-05-15 10:48:18.977 [http-nio-80-exec-7] DEBUG com.liv.dao.UserMapper.selectList - <==      Total: 1
2020-05-15 10:48:19.008 [http-nio-80-exec-7] DEBUG com.liv.dao.UserMapper.selectList - ==>  Preparing: SELECT user_id,user_name,org_id,alias,mobile,email,gender,degree,birthday,photo,create_date,password,salt,locked,locktime FROM auth.user WHERE (user_name = ?) 
2020-05-15 10:48:19.008 [http-nio-80-exec-7] DEBUG com.liv.dao.UserMapper.selectList - ==> Parameters: aa(String)
2020-05-15 10:48:19.010 [http-nio-80-exec-7] DEBUG com.liv.dao.UserMapper.selectList - <==      Total: 1
2020-05-15 10:48:24.618 [http-nio-80-exec-1] DEBUG com.liv.dao.UserMapper.selectList - ==>  Preparing: SELECT user_id,user_name,org_id,alias,mobile,email,gender,degree,birthday,photo,create_date,password,salt,locked,locktime FROM auth.user WHERE (user_name = ?) 
2020-05-15 10:48:24.619 [http-nio-80-exec-1] DEBUG com.liv.dao.UserMapper.selectList - ==> Parameters: aa(String)
2020-05-15 10:48:24.623 [http-nio-80-exec-1] DEBUG com.liv.dao.UserMapper.selectList - <==      Total: 1
2020-05-15 10:48:24.660 [http-nio-80-exec-1] DEBUG com.liv.dao.MessagesMapper.findByUserId - ==>  Preparing: select * from messages t1,messages_users t2 where t1.id =t2.message_id and msgExpire=0 and t2.user_id = ? 
2020-05-15 10:48:24.661 [http-nio-80-exec-1] DEBUG com.liv.dao.MessagesMapper.findByUserId - ==> Parameters: 5(Long)
2020-05-15 10:48:58.983 [main] DEBUG com.liv.App - Running with Spring Boot v2.2.5.RELEASE, Spring v5.2.4.RELEASE
2020-05-15 10:51:12.838 [http-nio-80-exec-1] DEBUG com.liv.dao.MessagesMapper.findByUserId - ==>  Preparing: select * from messages t1,messages_users t2 where t1.id =t2.message_id and msg_expire=0 and t2.user_id = ? 
2020-05-15 10:51:12.866 [http-nio-80-exec-1] DEBUG com.liv.dao.MessagesMapper.findByUserId - ==> Parameters: 5(Long)
2020-05-15 10:51:12.891 [http-nio-80-exec-1] DEBUG com.liv.dao.MessagesMapper.findByUserId - <==      Total: 0
2020-05-15 10:52:10.758 [main] DEBUG com.liv.App - Running with Spring Boot v2.2.5.RELEASE, Spring v5.2.4.RELEASE
2020-05-15 10:55:43.984 [main] DEBUG com.liv.App - Running with Spring Boot v2.2.5.RELEASE, Spring v5.2.4.RELEASE
2020-05-15 10:56:23.049 [http-nio-80-exec-1] DEBUG com.liv.dao.MessagesMapper.insert - ==>  Preparing: INSERT INTO MESSAGES ( title, content, url, msg_from, days, createdate, msg_expire, icons ) VALUES ( ?, ?, ?, ?, ?, ?, ?, ? ) 
2020-05-15 10:56:23.093 [http-nio-80-exec-1] DEBUG com.liv.dao.MessagesMapper.insert - ==> Parameters: string(String), string(String), string(String), string(String), 0(Integer), 2020-05-15 10:51:18.885(Timestamp), 0(Integer), string(String)
2020-05-15 10:56:23.131 [http-nio-80-exec-1] DEBUG com.liv.dao.MessagesMapper.insert - <==    Updates: 1
2020-05-15 10:57:19.810 [main] DEBUG com.liv.App - Running with Spring Boot v2.2.5.RELEASE, Spring v5.2.4.RELEASE
2020-05-15 10:58:01.156 [http-nio-80-exec-1] DEBUG com.liv.dao.MessagesMapper.insert - ==>  Preparing: INSERT INTO MESSAGES ( title, content, url, msg_from, days, createdate, msg_expire, icons ) VALUES ( ?, ?, ?, ?, ?, ?, ?, ? ) 
2020-05-15 10:58:01.192 [http-nio-80-exec-1] DEBUG com.liv.dao.MessagesMapper.insert - ==> Parameters: string(String), string(String), string(String), string(String), 0(Integer), 2020-05-15 10:51:18.885(Timestamp), 0(Integer), string(String)
2020-05-15 10:58:01.253 [http-nio-80-exec-1] DEBUG com.liv.dao.MessagesMapper.insert - <==    Updates: 1
2020-05-15 11:00:24.951 [http-nio-80-exec-3] DEBUG com.liv.dao.MessagesMapper.insert - ==>  Preparing: INSERT INTO MESSAGES ( title, content, url, msg_from, days, createdate, msg_expire, icons ) VALUES ( ?, ?, ?, ?, ?, ?, ?, ? ) 
2020-05-15 11:00:24.957 [http-nio-80-exec-3] DEBUG com.liv.dao.MessagesMapper.insert - ==> Parameters: string(String), string(String), string(String), string(String), 0(Integer), 2020-05-15 10:51:18.885(Timestamp), 0(Integer), string(String)
2020-05-15 11:00:24.992 [http-nio-80-exec-3] DEBUG com.liv.dao.MessagesMapper.insert - <==    Updates: 1
2020-05-15 11:01:04.148 [http-nio-80-exec-4] DEBUG com.liv.dao.MessagesMapper.insert - ==>  Preparing: INSERT INTO MESSAGES ( title, content, url, msg_from, days, createdate, msg_expire, icons ) VALUES ( ?, ?, ?, ?, ?, ?, ?, ? ) 
2020-05-15 11:01:04.153 [http-nio-80-exec-4] DEBUG com.liv.dao.MessagesMapper.insert - ==> Parameters: string(String), string(String), string(String), string(String), 0(Integer), 2020-05-15 10:51:18.885(Timestamp), 0(Integer), string(String)
2020-05-15 11:01:04.211 [http-nio-80-exec-4] DEBUG com.liv.dao.MessagesMapper.insert - <==    Updates: 1
2020-05-15 11:01:22.893 [main] DEBUG com.liv.App - Running with Spring Boot v2.2.5.RELEASE, Spring v5.2.4.RELEASE
2020-05-15 11:07:04.272 [restartedMain] DEBUG com.liv.App - Running with Spring Boot v2.2.5.RELEASE, Spring v5.2.4.RELEASE
2020-05-15 11:08:00.593 [http-nio-80-exec-7] DEBUG com.liv.dao.UserMapper.selectList - ==>  Preparing: SELECT user_id,user_name,org_id,alias,mobile,email,gender,degree,birthday,photo,create_date,password,salt,locked,locktime FROM auth.user WHERE (user_name = ?) 
2020-05-15 11:08:00.627 [http-nio-80-exec-7] DEBUG com.liv.dao.UserMapper.selectList - ==> Parameters: aa(String)
2020-05-15 11:08:00.661 [http-nio-80-exec-7] DEBUG com.liv.dao.UserMapper.selectList - <==      Total: 1
2020-05-15 11:08:00.690 [http-nio-80-exec-7] DEBUG com.liv.dao.UserMapper.selectList - ==>  Preparing: SELECT user_id,user_name,org_id,alias,mobile,email,gender,degree,birthday,photo,create_date,password,salt,locked,locktime FROM auth.user WHERE (user_name = ?) 
2020-05-15 11:08:00.691 [http-nio-80-exec-7] DEBUG com.liv.dao.UserMapper.selectList - ==> Parameters: aa(String)
2020-05-15 11:08:00.693 [http-nio-80-exec-7] DEBUG com.liv.dao.UserMapper.selectList - <==      Total: 1
2020-05-15 11:08:07.684 [http-nio-80-exec-9] DEBUG com.liv.dao.UserMapper.selectList - ==>  Preparing: SELECT user_id,user_name,org_id,alias,mobile,email,gender,degree,birthday,photo,create_date,password,salt,locked,locktime FROM auth.user WHERE (user_name = ?) 
2020-05-15 11:08:07.684 [http-nio-80-exec-9] DEBUG com.liv.dao.UserMapper.selectList - ==> Parameters: aa(String)
2020-05-15 11:08:07.688 [http-nio-80-exec-9] DEBUG com.liv.dao.UserMapper.selectList - <==      Total: 1
2020-05-15 11:08:07.722 [http-nio-80-exec-9] DEBUG com.liv.dao.MessagesMapper.findByUserId - ==>  Preparing: select * from messages t1,messages_users t2 where t1.id =t2.message_id and msg_expire=0 and t2.user_id = ? 
2020-05-15 11:08:07.723 [http-nio-80-exec-9] DEBUG com.liv.dao.MessagesMapper.findByUserId - ==> Parameters: 5(Long)
2020-05-15 11:08:07.726 [http-nio-80-exec-9] DEBUG com.liv.dao.MessagesMapper.findByUserId - <==      Total: 0
2020-05-15 11:08:36.094 [http-nio-80-exec-10] DEBUG com.liv.dao.MessagesMapper.insert - ==>  Preparing: INSERT INTO MESSAGES ( title, content, url, msg_from, days, createdate, msg_expire, icons ) VALUES ( ?, ?, ?, ?, ?, ?, ?, ? ) 
2020-05-15 11:08:36.103 [http-nio-80-exec-10] DEBUG com.liv.dao.MessagesMapper.insert - ==> Parameters: string(String), string(String), string(String), string(String), 0(Integer), 2020-05-15 11:08:21.039(Timestamp), 0(Integer), string(String)
2020-05-15 11:08:36.162 [http-nio-80-exec-10] DEBUG com.liv.dao.MessagesMapper.insert - <==    Updates: 1
2020-05-15 11:08:54.858 [http-nio-80-exec-10] DEBUG com.liv.dao.MessagesUsersMapper.insert - ==>  Preparing: INSERT INTO MESSAGES_USERS ( id, user_id, message_id ) VALUES ( ?, ?, ? ) 
2020-05-15 11:08:54.864 [http-nio-80-exec-10] DEBUG com.liv.dao.MessagesUsersMapper.insert - ==> Parameters: 1261131415729373186(Long), 5(Long), 3(Long)
2020-05-15 11:08:54.867 [http-nio-80-exec-10] DEBUG com.liv.dao.MessagesUsersMapper.insert - ==> Parameters: 1261131415775510529(Long), 7(Long), 3(Long)
2020-05-15 11:09:54.326 [http-nio-80-exec-3] DEBUG com.liv.dao.MessagesMapper.findByUserId - ==>  Preparing: select * from messages t1,messages_users t2 where t1.id =t2.message_id and msg_expire=0 and t2.user_id = ? 
2020-05-15 11:09:54.326 [http-nio-80-exec-3] DEBUG com.liv.dao.MessagesMapper.findByUserId - ==> Parameters: 5(Long)
2020-05-15 11:09:54.328 [http-nio-80-exec-3] DEBUG com.liv.dao.MessagesMapper.findByUserId - <==      Total: 1
2020-05-15 11:15:05.189 [restartedMain] DEBUG com.liv.App - Running with Spring Boot v2.2.5.RELEASE, Spring v5.2.4.RELEASE
2020-05-15 11:16:33.431 [http-nio-80-exec-1] DEBUG com.liv.dao.MessagesMapper.findByUserId - ==>  Preparing: select * from messages t1,messages_users t2 where t1.id =t2.message_id and msg_expire=0 and t2.user_id = ? 
2020-05-15 11:16:33.472 [http-nio-80-exec-1] DEBUG com.liv.dao.MessagesMapper.findByUserId - ==> Parameters: 5(Long)
2020-05-15 11:16:33.501 [http-nio-80-exec-1] DEBUG com.liv.dao.MessagesMapper.findByUserId - <==      Total: 1
2020-05-15 11:17:54.851 [restartedMain] DEBUG com.liv.App - Running with Spring Boot v2.2.5.RELEASE, Spring v5.2.4.RELEASE
2020-05-15 11:18:52.532 [http-nio-80-exec-8] DEBUG com.liv.dao.MessagesUsersMapper.delete - ==>  Preparing: DELETE FROM MESSAGES_USERS WHERE (MESSAGE_ID = ? AND USER_ID = ?) 
2020-05-15 11:18:52.575 [http-nio-80-exec-8] DEBUG com.liv.dao.MessagesUsersMapper.delete - ==> Parameters: 1(Long), 5(Long)
2020-05-15 11:18:52.577 [http-nio-80-exec-8] DEBUG com.liv.dao.MessagesUsersMapper.delete - <==    Updates: 0
2020-05-15 11:18:56.763 [http-nio-80-exec-9] DEBUG com.liv.dao.MessagesUsersMapper.delete - ==>  Preparing: DELETE FROM MESSAGES_USERS WHERE (MESSAGE_ID = ? AND USER_ID = ?) 
2020-05-15 11:18:56.763 [http-nio-80-exec-9] DEBUG com.liv.dao.MessagesUsersMapper.delete - ==> Parameters: 1(Long), 5(Long)
2020-05-15 11:18:56.765 [http-nio-80-exec-9] DEBUG com.liv.dao.MessagesUsersMapper.delete - <==    Updates: 0
2020-05-15 11:18:57.370 [http-nio-80-exec-10] DEBUG com.liv.dao.MessagesUsersMapper.delete - ==>  Preparing: DELETE FROM MESSAGES_USERS WHERE (MESSAGE_ID = ? AND USER_ID = ?) 
2020-05-15 11:18:57.370 [http-nio-80-exec-10] DEBUG com.liv.dao.MessagesUsersMapper.delete - ==> Parameters: 1(Long), 5(Long)
2020-05-15 11:18:57.371 [http-nio-80-exec-10] DEBUG com.liv.dao.MessagesUsersMapper.delete - <==    Updates: 0
2020-05-15 11:18:57.722 [http-nio-80-exec-1] DEBUG com.liv.dao.MessagesUsersMapper.delete - ==>  Preparing: DELETE FROM MESSAGES_USERS WHERE (MESSAGE_ID = ? AND USER_ID = ?) 
2020-05-15 11:18:57.723 [http-nio-80-exec-1] DEBUG com.liv.dao.MessagesUsersMapper.delete - ==> Parameters: 1(Long), 5(Long)
2020-05-15 11:18:57.724 [http-nio-80-exec-1] DEBUG com.liv.dao.MessagesUsersMapper.delete - <==    Updates: 0
2020-05-15 11:18:57.876 [http-nio-80-exec-2] DEBUG com.liv.dao.MessagesUsersMapper.delete - ==>  Preparing: DELETE FROM MESSAGES_USERS WHERE (MESSAGE_ID = ? AND USER_ID = ?) 
2020-05-15 11:18:57.876 [http-nio-80-exec-2] DEBUG com.liv.dao.MessagesUsersMapper.delete - ==> Parameters: 1(Long), 5(Long)
2020-05-15 11:18:57.877 [http-nio-80-exec-2] DEBUG com.liv.dao.MessagesUsersMapper.delete - <==    Updates: 0
2020-05-15 11:19:06.767 [http-nio-80-exec-3] DEBUG com.liv.dao.MessagesUsersMapper.delete - ==>  Preparing: DELETE FROM MESSAGES_USERS WHERE (MESSAGE_ID = ? AND USER_ID = ?) 
2020-05-15 11:19:06.768 [http-nio-80-exec-3] DEBUG com.liv.dao.MessagesUsersMapper.delete - ==> Parameters: 2(Long), 5(Long)
2020-05-15 11:19:06.769 [http-nio-80-exec-3] DEBUG com.liv.dao.MessagesUsersMapper.delete - <==    Updates: 0
2020-05-15 11:19:07.406 [http-nio-80-exec-4] DEBUG com.liv.dao.MessagesUsersMapper.delete - ==>  Preparing: DELETE FROM MESSAGES_USERS WHERE (MESSAGE_ID = ? AND USER_ID = ?) 
2020-05-15 11:19:07.407 [http-nio-80-exec-4] DEBUG com.liv.dao.MessagesUsersMapper.delete - ==> Parameters: 2(Long), 5(Long)
2020-05-15 11:19:07.407 [http-nio-80-exec-4] DEBUG com.liv.dao.MessagesUsersMapper.delete - <==    Updates: 0
2020-05-15 11:19:09.381 [http-nio-80-exec-6] DEBUG com.liv.dao.MessagesUsersMapper.delete - ==>  Preparing: DELETE FROM MESSAGES_USERS WHERE (MESSAGE_ID = ? AND USER_ID = ?) 
2020-05-15 11:19:09.382 [http-nio-80-exec-6] DEBUG com.liv.dao.MessagesUsersMapper.delete - ==> Parameters: 3(Long), 5(Long)
2020-05-15 11:19:09.436 [http-nio-80-exec-6] DEBUG com.liv.dao.MessagesUsersMapper.delete - <==    Updates: 1
2020-05-15 11:19:10.754 [http-nio-80-exec-7] DEBUG com.liv.dao.MessagesUsersMapper.delete - ==>  Preparing: DELETE FROM MESSAGES_USERS WHERE (MESSAGE_ID = ? AND USER_ID = ?) 
2020-05-15 11:19:10.754 [http-nio-80-exec-7] DEBUG com.liv.dao.MessagesUsersMapper.delete - ==> Parameters: 3(Long), 5(Long)
2020-05-15 11:19:10.755 [http-nio-80-exec-7] DEBUG com.liv.dao.MessagesUsersMapper.delete - <==    Updates: 0
2020-05-15 11:19:11.076 [http-nio-80-exec-5] DEBUG com.liv.dao.MessagesUsersMapper.delete - ==>  Preparing: DELETE FROM MESSAGES_USERS WHERE (MESSAGE_ID = ? AND USER_ID = ?) 
2020-05-15 11:19:11.077 [http-nio-80-exec-5] DEBUG com.liv.dao.MessagesUsersMapper.delete - ==> Parameters: 3(Long), 5(Long)
2020-05-15 11:19:11.078 [http-nio-80-exec-5] DEBUG com.liv.dao.MessagesUsersMapper.delete - <==    Updates: 0
2020-05-15 11:19:11.585 [http-nio-80-exec-8] DEBUG com.liv.dao.MessagesUsersMapper.delete - ==>  Preparing: DELETE FROM MESSAGES_USERS WHERE (MESSAGE_ID = ? AND USER_ID = ?) 
2020-05-15 11:19:11.586 [http-nio-80-exec-8] DEBUG com.liv.dao.MessagesUsersMapper.delete - ==> Parameters: 3(Long), 5(Long)
2020-05-15 11:19:11.587 [http-nio-80-exec-8] DEBUG com.liv.dao.MessagesUsersMapper.delete - <==    Updates: 0
2020-05-15 11:19:11.763 [http-nio-80-exec-9] DEBUG com.liv.dao.MessagesUsersMapper.delete - ==>  Preparing: DELETE FROM MESSAGES_USERS WHERE (MESSAGE_ID = ? AND USER_ID = ?) 
2020-05-15 11:19:11.763 [http-nio-80-exec-9] DEBUG com.liv.dao.MessagesUsersMapper.delete - ==> Parameters: 3(Long), 5(Long)
2020-05-15 11:19:11.764 [http-nio-80-exec-9] DEBUG com.liv.dao.MessagesUsersMapper.delete - <==    Updates: 0
2020-05-15 11:19:33.851 [http-nio-80-exec-10] DEBUG com.liv.dao.MessagesUsersMapper.delete - ==>  Preparing: DELETE FROM MESSAGES_USERS WHERE (MESSAGE_ID = ? AND USER_ID = ?) 
2020-05-15 11:19:33.852 [http-nio-80-exec-10] DEBUG com.liv.dao.MessagesUsersMapper.delete - ==> Parameters: 3(Long), 5(Long)
2020-05-15 11:19:33.915 [http-nio-80-exec-10] DEBUG com.liv.dao.MessagesUsersMapper.delete - <==    Updates: 1
2020-05-15 11:23:26.518 [http-nio-80-exec-3] DEBUG com.liv.dao.MessagesUsersMapper.delete - ==>  Preparing: DELETE FROM MESSAGES_USERS WHERE (MESSAGE_ID = ? AND USER_ID = ?) 
2020-05-15 11:23:26.519 [http-nio-80-exec-3] DEBUG com.liv.dao.MessagesUsersMapper.delete - ==> Parameters: 3(Long), 5(Long)
2020-05-15 11:23:26.521 [http-nio-80-exec-3] DEBUG com.liv.dao.MessagesUsersMapper.delete - <==    Updates: 0
2020-05-15 11:23:26.559 [http-nio-80-exec-4] DEBUG com.liv.dao.MessagesUsersMapper.delete - ==>  Preparing: DELETE FROM MESSAGES_USERS WHERE (MESSAGE_ID = ? AND USER_ID = ?) 
2020-05-15 11:23:26.559 [http-nio-80-exec-4] DEBUG com.liv.dao.MessagesUsersMapper.delete - ==> Parameters: 3(Long), 5(Long)
2020-05-15 11:23:26.560 [http-nio-80-exec-4] DEBUG com.liv.dao.MessagesUsersMapper.delete - <==    Updates: 0
2020-05-15 11:23:27.188 [http-nio-80-exec-6] DEBUG com.liv.dao.MessagesUsersMapper.delete - ==>  Preparing: DELETE FROM MESSAGES_USERS WHERE (MESSAGE_ID = ? AND USER_ID = ?) 
2020-05-15 11:23:27.188 [http-nio-80-exec-6] DEBUG com.liv.dao.MessagesUsersMapper.delete - ==> Parameters: 3(Long), 5(Long)
2020-05-15 11:23:27.190 [http-nio-80-exec-6] DEBUG com.liv.dao.MessagesUsersMapper.delete - <==    Updates: 0
2020-05-15 11:23:27.372 [http-nio-80-exec-7] DEBUG com.liv.dao.MessagesUsersMapper.delete - ==>  Preparing: DELETE FROM MESSAGES_USERS WHERE (MESSAGE_ID = ? AND USER_ID = ?) 
2020-05-15 11:23:27.372 [http-nio-80-exec-7] DEBUG com.liv.dao.MessagesUsersMapper.delete - ==> Parameters: 3(Long), 5(Long)
2020-05-15 11:23:27.373 [http-nio-80-exec-7] DEBUG com.liv.dao.MessagesUsersMapper.delete - <==    Updates: 0
2020-05-15 11:23:27.538 [http-nio-80-exec-5] DEBUG com.liv.dao.MessagesUsersMapper.delete - ==>  Preparing: DELETE FROM MESSAGES_USERS WHERE (MESSAGE_ID = ? AND USER_ID = ?) 
2020-05-15 11:23:27.538 [http-nio-80-exec-5] DEBUG com.liv.dao.MessagesUsersMapper.delete - ==> Parameters: 3(Long), 5(Long)
2020-05-15 11:23:27.539 [http-nio-80-exec-5] DEBUG com.liv.dao.MessagesUsersMapper.delete - <==    Updates: 0
2020-05-15 11:32:49.313 [restartedMain] DEBUG com.liv.App - Running with Spring Boot v2.2.5.RELEASE, Spring v5.2.4.RELEASE
2020-05-15 14:18:42.555 [restartedMain] DEBUG com.liv.App - Running with Spring Boot v2.2.5.RELEASE, Spring v5.2.4.RELEASE
2020-05-15 14:21:00.069 [restartedMain] DEBUG com.liv.App - Running with Spring Boot v2.2.5.RELEASE, Spring v5.2.4.RELEASE
2020-05-15 14:21:16.503 [scheduling-1] DEBUG com.liv.dao.MessagesMapper.expireMsg - ==>  Preparing: update mmwebdesktop.messages set MSG_EXPIRE =1 where MSG_EXPIRE=0 and DAYS>0 and DATEDIFF(CREATEDATE,sysdate()) <days; 
2020-05-15 14:21:16.530 [scheduling-1] DEBUG com.liv.dao.MessagesMapper.expireMsg - ==> Parameters: 
2020-05-15 14:21:16.535 [scheduling-1] DEBUG c.liv.dao.MessagesMapper.delExpireAndAllReadedMsg - ==>  Preparing: delete from mmwebdesktop.messages where MSG_EXPIRE=1 or not exists (select * from messages_users t2 where t2.message_id = id) 
2020-05-15 14:21:16.535 [scheduling-1] DEBUG c.liv.dao.MessagesMapper.delExpireAndAllReadedMsg - ==> Parameters: 
2020-05-15 14:47:23.553 [restartedMain] DEBUG com.liv.App - Running with Spring Boot v2.2.5.RELEASE, Spring v5.2.4.RELEASE
2020-05-15 14:47:55.037 [http-nio-80-exec-7] DEBUG com.liv.dao.UserMapper.selectList - ==>  Preparing: SELECT user_id,user_name,org_id,alias,mobile,email,gender,degree,birthday,photo,create_date,password,salt,locked,locktime FROM auth.user WHERE (user_name = ?) 
2020-05-15 14:47:55.066 [http-nio-80-exec-7] DEBUG com.liv.dao.UserMapper.selectList - ==> Parameters: aa(String)
2020-05-15 14:47:55.099 [http-nio-80-exec-7] DEBUG com.liv.dao.UserMapper.selectList - <==      Total: 1
2020-05-15 14:47:55.123 [http-nio-80-exec-7] DEBUG com.liv.dao.UserMapper.selectList - ==>  Preparing: SELECT user_id,user_name,org_id,alias,mobile,email,gender,degree,birthday,photo,create_date,password,salt,locked,locktime FROM auth.user WHERE (user_name = ?) 
2020-05-15 14:47:55.123 [http-nio-80-exec-7] DEBUG com.liv.dao.UserMapper.selectList - ==> Parameters: aa(String)
2020-05-15 14:47:55.124 [http-nio-80-exec-7] DEBUG com.liv.dao.UserMapper.selectList - <==      Total: 1
2020-05-15 14:48:19.146 [http-nio-80-exec-9] DEBUG com.liv.dao.MessagesMapper.insert - ==>  Preparing: INSERT INTO MESSAGES ( title, content, url, msg_from, days, createdate, msg_expire, icons ) VALUES ( ?, ?, ?, ?, ?, ?, ?, ? ) 
2020-05-15 14:48:19.155 [http-nio-80-exec-9] DEBUG com.liv.dao.MessagesMapper.insert - ==> Parameters: string(String), string(String), string(String), string(String), 0(Integer), 2020-05-15 14:48:05.284(Timestamp), 0(Integer), string(String)
2020-05-15 14:48:19.213 [http-nio-80-exec-9] DEBUG com.liv.dao.MessagesMapper.insert - <==    Updates: 1
2020-05-15 14:48:22.172 [http-nio-80-exec-9] DEBUG com.liv.dao.MessagesUsersMapper.insert - ==>  Preparing: INSERT INTO MESSAGES_USERS ( user_id, message_id ) VALUES ( ?, ? ) 
2020-05-15 14:48:22.175 [http-nio-80-exec-9] DEBUG com.liv.dao.MessagesUsersMapper.insert - ==> Parameters: 5(Long), 4(Long)
2020-05-15 14:48:22.176 [http-nio-80-exec-9] DEBUG com.liv.dao.MessagesUsersMapper.insert - ==> Parameters: 7(Long), 4(Long)
2020-05-15 14:48:57.044 [http-nio-80-exec-1] DEBUG com.liv.dao.MessagesMapper.insert - ==>  Preparing: INSERT INTO MESSAGES ( title, content, url, msg_from, days, createdate, msg_expire, icons ) VALUES ( ?, ?, ?, ?, ?, ?, ?, ? ) 
2020-05-15 14:48:57.047 [http-nio-80-exec-1] DEBUG com.liv.dao.MessagesMapper.insert - ==> Parameters: string(String), string(String), string(String), string(String), 0(Integer), 2020-05-15 14:48:05.284(Timestamp), 0(Integer), string(String)
2020-05-15 14:48:57.343 [http-nio-80-exec-1] DEBUG com.liv.dao.MessagesMapper.insert - <==    Updates: 1
2020-05-15 14:48:57.346 [http-nio-80-exec-1] DEBUG com.liv.dao.MessagesUsersMapper.insert - ==>  Preparing: INSERT INTO MESSAGES_USERS ( user_id, message_id ) VALUES ( ?, ? ) 
2020-05-15 14:48:57.347 [http-nio-80-exec-1] DEBUG com.liv.dao.MessagesUsersMapper.insert - ==> Parameters: 5(Long), 5(Long)
2020-05-15 14:48:57.349 [http-nio-80-exec-1] DEBUG com.liv.dao.MessagesUsersMapper.insert - ==> Parameters: 7(Long), 5(Long)
2020-05-15 14:52:36.756 [http-nio-80-exec-2] DEBUG com.liv.dao.MessagesMapper.insert - ==>  Preparing: INSERT INTO MESSAGES ( title, content, url, msg_from, days, createdate, msg_expire, icons ) VALUES ( ?, ?, ?, ?, ?, ?, ?, ? ) 
2020-05-15 14:52:36.758 [http-nio-80-exec-2] DEBUG com.liv.dao.MessagesMapper.insert - ==> Parameters: string(String), string(String), string(String), string(String), 0(Integer), 2020-05-15 14:48:05.284(Timestamp), 0(Integer), string(String)
2020-05-15 14:52:36.819 [http-nio-80-exec-2] DEBUG com.liv.dao.MessagesMapper.insert - <==    Updates: 1
2020-05-15 14:52:36.821 [http-nio-80-exec-2] DEBUG com.liv.dao.MessagesUsersMapper.insert - ==>  Preparing: INSERT INTO MESSAGES_USERS ( user_id, message_id ) VALUES ( ?, ? ) 
2020-05-15 14:52:36.821 [http-nio-80-exec-2] DEBUG com.liv.dao.MessagesUsersMapper.insert - ==> Parameters: 5(Long), 6(Long)
2020-05-15 14:52:36.822 [http-nio-80-exec-2] DEBUG com.liv.dao.MessagesUsersMapper.insert - ==> Parameters: 7(Long), 6(Long)
