2020-05-11 16:55:54.394 [main] ERROR o.s.b.diagnostics.LoggingFailureAnalysisReporter - 

***************************
APPLICATION FAILED TO START
***************************

Description:

Field baseMapper in com.baomidou.mybatisplus.extension.service.impl.ServiceImpl required a single bean, but 4 were found:
	- desktopElementsMapper: defined in file [E:\workspace\wg\LivWebBase\mm-webDesktop\target\classes\com\liv\dao\DesktopElementsMapper.class]
	- desktopMapper: defined in file [E:\workspace\wg\LivWebBase\mm-webDesktop\target\classes\com\liv\dao\DesktopMapper.class]
	- desktopSubjectMapper: defined in file [E:\workspace\wg\LivWebBase\mm-webDesktop\target\classes\com\liv\dao\DesktopSubjectMapper.class]
	- dictMapper: defined in file [E:\workspace\wg\LivWebBase\mm-webDesktop\target\classes\com\liv\dao\DictMapper.class]


Action:

Consider marking one of the beans as @Primary, updating the consumer to accept multiple beans, or using @Qualifier to identify the bean that should be consumed

2020-05-11 16:56:59.503 [main] ERROR o.s.b.diagnostics.LoggingFailureAnalysisReporter - 

***************************
APPLICATION FAILED TO START
***************************

Description:

Field baseMapper in com.baomidou.mybatisplus.extension.service.impl.ServiceImpl required a single bean, but 4 were found:
	- desktopElementsMapper: defined in file [E:\workspace\wg\LivWebBase\mm-webDesktop\target\classes\com\liv\dao\DesktopElementsMapper.class]
	- desktopMapper: defined in file [E:\workspace\wg\LivWebBase\mm-webDesktop\target\classes\com\liv\dao\DesktopMapper.class]
	- desktopSubjectMapper: defined in file [E:\workspace\wg\LivWebBase\mm-webDesktop\target\classes\com\liv\dao\DesktopSubjectMapper.class]
	- dictMapper: defined in file [E:\workspace\wg\LivWebBase\mm-webDesktop\target\classes\com\liv\dao\DictMapper.class]


Action:

Consider marking one of the beans as @Primary, updating the consumer to accept multiple beans, or using @Qualifier to identify the bean that should be consumed

2020-05-11 17:11:36.189 [main] ERROR o.s.b.diagnostics.LoggingFailureAnalysisReporter - 

***************************
APPLICATION FAILED TO START
***************************

Description:

Field baseMapper in com.baomidou.mybatisplus.extension.service.impl.ServiceImpl required a single bean, but 4 were found:
	- desktopElementsMapper: defined in file [E:\workspace\wg\LivWebBase\mm-webDesktop\target\classes\com\liv\dao\DesktopElementsMapper.class]
	- desktopMapper: defined in file [E:\workspace\wg\LivWebBase\mm-webDesktop\target\classes\com\liv\dao\DesktopMapper.class]
	- desktopSubjectMapper: defined in file [E:\workspace\wg\LivWebBase\mm-webDesktop\target\classes\com\liv\dao\DesktopSubjectMapper.class]
	- dictMapper: defined in file [E:\workspace\wg\LivWebBase\mm-webDesktop\target\classes\com\liv\dao\DictMapper.class]


Action:

Consider marking one of the beans as @Primary, updating the consumer to accept multiple beans, or using @Qualifier to identify the bean that should be consumed

